<?xml version='1.0'?>
<ns2:test-suite xmlns:ns2='urn:model.allure.qatools.yandex.ru' start='1649051762011' stop='1649051767879'>
    <name>Suite2 - Validation of Landing Page Features and Content (Spanish)</name>
    <title>Suite2 - Validation of Landing Page Features and Content (Spanish)</title>
    <test-cases>
        <test-case start='1649051764427' status='passed' stop='1649051767475'>
            <name>ENG_LAND_TC_4 Validate that user is able to change the language of the page from the language drop down - (P1)</name>
            <title>ENG_LAND_TC_4 Validate that user is able to change the language of the page from the language drop down - (P1)</title>
            <labels>
                <label name='language' value='javascript'/>
                <label name='framework' value='wdio'/>
                <label name='thread' value='0-0'/>
            </labels>
            <parameters>
                <parameter kind='argument' name='browser' value='Safari-14.1.2'/>
            </parameters>
            <steps>
                <step start='1649051764428' status='passed' stop='1649051764429'>
                    <name>"before each" hook for Suite2 - Validation of Landing Page Features and Content (Spanish)</name>
                    <title>"before each" hook for Suite2 - Validation of Landing Page Features and Content (Spanish)</title>
                    <attachments/>
                    <steps/>
                </step>
                <step start='1649051767475' status='passed' stop='1649051767476'>
                    <name>"after each" hook for Suite2 - Validation of Landing Page Features and Content (Spanish)</name>
                    <title>"after each" hook for Suite2 - Validation of Landing Page Features and Content (Spanish)</title>
                    <attachments/>
                    <steps/>
                </step>
            </steps>
            <attachments>
                <attachment title='Screenshot' source='9b41c9be-3bc5-4254-90c1-932a11f48249-attachment.png' type='image/png' size='404485'/>
                <attachment title='Screenshot' source='abe8411b-3d70-4a4e-bca9-0b869af30a97-attachment.png' type='image/png' size='427032'/>
                <attachment title='Screenshot' source='9e88676b-3c24-4a17-ba16-d85c1ada1398-attachment.png' type='image/png' size='419872'/>
            </attachments>
        </test-case>
        <test-case start='1649051767476' status='failed' stop='1649051767877'>
            <name>ENG_LAND_TC_5 Validate the content of the landing page (in English) - (P2)</name>
            <title>ENG_LAND_TC_5 Validate the content of the landing page (in English) - (P2)</title>
            <labels>
                <label name='language' value='javascript'/>
                <label name='framework' value='wdio'/>
                <label name='thread' value='0-0'/>
            </labels>
            <parameters>
                <parameter kind='argument' name='browser' value='Safari-14.1.2'/>
            </parameters>
            <steps>
                <step start='1649051767477' status='passed' stop='1649051767477'>
                    <name>"before each" hook for Suite2 - Validation of Landing Page Features and Content (Spanish)</name>
                    <title>"before each" hook for Suite2 - Validation of Landing Page Features and Content (Spanish)</title>
                    <attachments/>
                    <steps/>
                </step>
                <step start='1649051767878' status='passed' stop='1649051767878'>
                    <name>"after each" hook for Suite2 - Validation of Landing Page Features and Content (Spanish)</name>
                    <title>"after each" hook for Suite2 - Validation of Landing Page Features and Content (Spanish)</title>
                    <attachments/>
                    <steps/>
                </step>
            </steps>
            <attachments>
                <attachment title='Screenshot' source='694c933d-a51c-47b0-b629-6a691d8d07e1-attachment.png' type='image/png' size='419289'/>
            </attachments>
            <failure>
                <message>Footer label text mismatch: expected 'Desarrollada por ' to equal 'Desarrollada por'      
                      actual expected
                      
                      'Desarrollada por '
                      </message>
                <stack-trace>AssertionError: Footer label text mismatch: expected 'Desarrollada por ' to equal 'Desarrollada por'
                    at Object.assertEqual (/Users/swatigakhar/Desktop/comprocopy/comprodls-copy/engageAutomation/core/actionLibrary/baseAssertionLibrary.js:30:16)
                    at Object.ENG_LAND_TC_5 (/Users/swatigakhar/Desktop/comprocopy/comprodls-copy/engageAutomation/test/engageExperienceApp/landing.test.js:38:13)
                    at specRunner.identifyTest (/Users/swatigakhar/Desktop/comprocopy/comprodls-copy/engageAutomation/test/tempRunner/landingTest.js:204:34)
                    at Context.&lt;anonymous> (/Users/swatigakhar/Desktop/comprocopy/comprodls-copy/engageAutomation/test/tempRunner/landingTest.js:132:34)</stack-trace>
            </failure>
        </test-case>
    </test-cases>
</ns2:test-suite>