<?xml version='1.0'?>
<ns2:test-suite xmlns:ns2='urn:model.allure.qatools.yandex.ru' start='1649343894381' stop='1649343973522'>
    <name>Suite1 - Functional Validation of experience app for Teacher workflow</name>
    <title>Suite1 - Functional Validation of experience app for Teacher workflow</title>
    <test-cases>
        <test-case start='1649343897518' status='passed' stop='1649343901394'>
            <name>ENG_LAND_TC_3 Validate that the sign in page is launched on clicking the "Log in" button - (P1)</name>
            <title>ENG_LAND_TC_3 Validate that the sign in page is launched on clicking the "Log in" button - (P1)</title>
            <labels>
                <label name='language' value='javascript'/>
                <label name='framework' value='wdio'/>
                <label name='thread' value='0-0'/>
            </labels>
            <parameters>
                <parameter kind='argument' name='browser' value='Safari-14.1.2'/>
            </parameters>
            <steps>
                <step start='1649343897519' status='passed' stop='1649343897520'>
                    <name>"before each" hook for Suite1 - Functional Validation of experience app for Teacher workflow</name>
                    <title>"before each" hook for Suite1 - Functional Validation of experience app for Teacher workflow</title>
                    <attachments/>
                    <steps/>
                </step>
                <step start='1649343901394' status='passed' stop='1649343901395'>
                    <name>"after each" hook for Suite1 - Functional Validation of experience app for Teacher workflow</name>
                    <title>"after each" hook for Suite1 - Functional Validation of experience app for Teacher workflow</title>
                    <attachments/>
                    <steps/>
                </step>
            </steps>
            <attachments>
                <attachment title='Screenshot' source='305a99e7-fb45-4473-8ddd-b5d0bbd9d74b-attachment.png' type='image/png' size='404314'/>
                <attachment title='Screenshot' source='c2822a6f-ee0e-4c1a-9fbe-de5276d47d25-attachment.png' type='image/png' size='293527'/>
            </attachments>
        </test-case>
        <test-case start='1649343901395' status='passed' stop='1649343910208'>
            <name>ENG_IDEN_TC_7 Validate that the user is able to login successfully with an existing account - ()</name>
            <title>ENG_IDEN_TC_7 Validate that the user is able to login successfully with an existing account - ()</title>
            <labels>
                <label name='language' value='javascript'/>
                <label name='framework' value='wdio'/>
                <label name='thread' value='0-0'/>
            </labels>
            <parameters>
                <parameter kind='argument' name='browser' value='Safari-14.1.2'/>
            </parameters>
            <steps>
                <step start='1649343901396' status='passed' stop='1649343901396'>
                    <name>"before each" hook for Suite1 - Functional Validation of experience app for Teacher workflow</name>
                    <title>"before each" hook for Suite1 - Functional Validation of experience app for Teacher workflow</title>
                    <attachments/>
                    <steps/>
                </step>
                <step start='1649343910208' status='passed' stop='1649343910208'>
                    <name>"after each" hook for Suite1 - Functional Validation of experience app for Teacher workflow</name>
                    <title>"after each" hook for Suite1 - Functional Validation of experience app for Teacher workflow</title>
                    <attachments/>
                    <steps/>
                </step>
            </steps>
            <attachments>
                <attachment title='Screenshot' source='7cea033d-fc1f-48ae-902d-b68c67f19753-attachment.png' type='image/png' size='298570'/>
                <attachment title='Screenshot' source='1539f591-b9f5-46eb-bf5c-f35abe55a73e-attachment.png' type='image/png' size='612713'/>
            </attachments>
        </test-case>
        <test-case start='1649343910210' status='failed' stop='1649343910620'>
            <name>ENG_DASH_TC_1 Validate the content of the blank Dashboard page in English Language - (P2)</name>
            <title>ENG_DASH_TC_1 Validate the content of the blank Dashboard page in English Language - (P2)</title>
            <labels>
                <label name='language' value='javascript'/>
                <label name='framework' value='wdio'/>
                <label name='thread' value='0-0'/>
            </labels>
            <parameters>
                <parameter kind='argument' name='browser' value='Safari-14.1.2'/>
            </parameters>
            <steps>
                <step start='1649343910212' status='passed' stop='1649343910212'>
                    <name>"before each" hook for Suite1 - Functional Validation of experience app for Teacher workflow</name>
                    <title>"before each" hook for Suite1 - Functional Validation of experience app for Teacher workflow</title>
                    <attachments/>
                    <steps/>
                </step>
                <step start='1649343910620' status='passed' stop='1649343910620'>
                    <name>"after each" hook for Suite1 - Functional Validation of experience app for Teacher workflow</name>
                    <title>"after each" hook for Suite1 - Functional Validation of experience app for Teacher workflow</title>
                    <attachments/>
                    <steps/>
                </step>
            </steps>
            <attachments>
                <attachment title='Screenshot' source='30c1e734-b5e7-4c73-8142-4d598f0c6cf5-attachment.png' type='image/png' size='612713'/>
            </attachments>
            <failure>
                <message>slider title text mismatch: expected null to equal 'Getting started'      
                      actual expected
                      
                      null'Getting started'
                      </message>
                <stack-trace>AssertionError: slider title text mismatch: expected null to equal 'Getting started'
                    at Object.assertEqual (/Users/swatigakhar/Desktop/comprocopy/comprodls-copy/engageAutomation/core/actionLibrary/baseAssertionLibrary.js:30:16)
                    at Object.ENG_DASH_TC_1 (/Users/swatigakhar/Desktop/comprocopy/comprodls-copy/engageAutomation/test/engageExperienceApp/dashboard.test.js:15:19)
                    at specRunner.identifyTest (/Users/swatigakhar/Desktop/comprocopy/comprodls-copy/engageAutomation/test/tempRunner/AcceptanceNew.js:204:34)
                    at Context.&lt;anonymous> (/Users/swatigakhar/Desktop/comprocopy/comprodls-copy/engageAutomation/test/tempRunner/AcceptanceNew.js:132:34)</stack-trace>
            </failure>
        </test-case>
        <test-case start='1649343910621' status='failed' stop='1649343941781'>
            <name>ENG_DASH_TC_7 Validate that clicking on 'Add Book' button, book list page is launched to select books to add - (P1)</name>
            <title>ENG_DASH_TC_7 Validate that clicking on 'Add Book' button, book list page is launched to select books to add - (P1)</title>
            <labels>
                <label name='language' value='javascript'/>
                <label name='framework' value='wdio'/>
                <label name='thread' value='0-0'/>
            </labels>
            <parameters>
                <parameter kind='argument' name='browser' value='Safari-14.1.2'/>
            </parameters>
            <steps>
                <step start='1649343910621' status='passed' stop='1649343910622'>
                    <name>"before each" hook for Suite1 - Functional Validation of experience app for Teacher workflow</name>
                    <title>"before each" hook for Suite1 - Functional Validation of experience app for Teacher workflow</title>
                    <attachments/>
                    <steps/>
                </step>
                <step start='1649343941782' status='passed' stop='1649343941783'>
                    <name>"after each" hook for Suite1 - Functional Validation of experience app for Teacher workflow</name>
                    <title>"after each" hook for Suite1 - Functional Validation of experience app for Teacher workflow</title>
                    <attachments/>
                    <steps/>
                </step>
            </steps>
            <attachments>
                <attachment title='Screenshot' source='26bf616c-f760-4d70-994d-b48b791387b0-attachment.png' type='image/png' size='612713'/>
                <attachment title='Screenshot' source='6610d441-2d65-4be8-b46d-66c2a38c16a3-attachment.png' type='image/png' size='612713'/>
            </attachments>
            <failure>
                <message>Add book page status mismatch: expected [Error: element ("input[type=text]") still not displayed after 30000ms] to equal true      
                      actual expected
                      
                      { [Error: element ("input[type=text]") still not displayed after 30000ms] name: 'Error' }true
                      </message>
                <stack-trace>AssertionError: Add book page status mismatch: expected [Error: element ("input[type=text]") still not displayed after 30000ms] to equal true
                    at Object.assertEqual (/Users/swatigakhar/Desktop/comprocopy/comprodls-copy/engageAutomation/core/actionLibrary/baseAssertionLibrary.js:30:16)
                    at Object.ENG_DASH_TC_7 (/Users/swatigakhar/Desktop/comprocopy/comprodls-copy/engageAutomation/test/engageExperienceApp/dashboard.test.js:41:19)
                    at specRunner.identifyTest (/Users/swatigakhar/Desktop/comprocopy/comprodls-copy/engageAutomation/test/tempRunner/AcceptanceNew.js:204:34)
                    at Context.&lt;anonymous> (/Users/swatigakhar/Desktop/comprocopy/comprodls-copy/engageAutomation/test/tempRunner/AcceptanceNew.js:132:34)</stack-trace>
            </failure>
        </test-case>
        <test-case start='1649343941784' status='failed' stop='1649343971890'>
            <name>ENG_GLOB_TC_28 Validate that searching can be done on basis of resource name - (P1, Desktop)</name>
            <title>ENG_GLOB_TC_28 Validate that searching can be done on basis of resource name - (P1, Desktop)</title>
            <labels>
                <label name='language' value='javascript'/>
                <label name='framework' value='wdio'/>
                <label name='thread' value='0-0'/>
            </labels>
            <parameters>
                <parameter kind='argument' name='browser' value='Safari-14.1.2'/>
            </parameters>
            <steps>
                <step start='1649343941786' status='passed' stop='1649343941786'>
                    <name>"before each" hook for Suite1 - Functional Validation of experience app for Teacher workflow</name>
                    <title>"before each" hook for Suite1 - Functional Validation of experience app for Teacher workflow</title>
                    <attachments/>
                    <steps/>
                </step>
                <step start='1649343971892' status='passed' stop='1649343971892'>
                    <name>"after each" hook for Suite1 - Functional Validation of experience app for Teacher workflow</name>
                    <title>"after each" hook for Suite1 - Functional Validation of experience app for Teacher workflow</title>
                    <attachments/>
                    <steps/>
                </step>
            </steps>
            <attachments/>
            <failure>
                <message>set_searchBox status Mismatch: expected [Error: Can't call setValue on element with selector "input[type=text]" because element wasn't found] to equal true      
                      actual expected
                      
                      { [Error: Can't call setValue on element with selector "input[type=text]" because element wasn't found] name: 'Error' }true
                      </message>
                <stack-trace>AssertionError: set_searchBox status Mismatch: expected [Error: Can't call setValue on element with selector "input[type=text]" because element wasn't found] to equal true
                    at Object.assertEqual (/Users/swatigakhar/Desktop/comprocopy/comprodls-copy/engageAutomation/core/actionLibrary/baseAssertionLibrary.js:30:16)
                    at Object.ENG_GLOB_TC_28 (/Users/swatigakhar/Desktop/comprocopy/comprodls-copy/engageAutomation/test/engageExperienceApp/browse.test.js:160:13)
                    at specRunner.identifyTest (/Users/swatigakhar/Desktop/comprocopy/comprodls-copy/engageAutomation/test/tempRunner/AcceptanceNew.js:204:34)
                    at Context.&lt;anonymous> (/Users/swatigakhar/Desktop/comprocopy/comprodls-copy/engageAutomation/test/tempRunner/AcceptanceNew.js:132:34)</stack-trace>
            </failure>
        </test-case>
        <test-case start='1649343971892' status='failed' stop='1649343971933'>
            <name>ENG_GLOB_TC_58 Validate that clicking on '+' button adds the book to My Books - (P1, Desktop)</name>
            <title>ENG_GLOB_TC_58 Validate that clicking on '+' button adds the book to My Books - (P1, Desktop)</title>
            <labels>
                <label name='language' value='javascript'/>
                <label name='framework' value='wdio'/>
                <label name='thread' value='0-0'/>
            </labels>
            <parameters>
                <parameter kind='argument' name='browser' value='Safari-14.1.2'/>
            </parameters>
            <steps>
                <step start='1649343971893' status='passed' stop='1649343971893'>
                    <name>"before each" hook for Suite1 - Functional Validation of experience app for Teacher workflow</name>
                    <title>"before each" hook for Suite1 - Functional Validation of experience app for Teacher workflow</title>
                    <attachments/>
                    <steps/>
                </step>
                <step start='1649343971933' status='passed' stop='1649343971933'>
                    <name>"after each" hook for Suite1 - Functional Validation of experience app for Teacher workflow</name>
                    <title>"after each" hook for Suite1 - Functional Validation of experience app for Teacher workflow</title>
                    <attachments/>
                    <steps/>
                </step>
            </steps>
            <attachments/>
            <failure>
                <message>Add book status mismatch: expected undefined to equal true      
                      actual expected
                      
                      undefinedtrue
                      </message>
                <stack-trace>AssertionError: Add book status mismatch: expected undefined to equal true
                    at Object.assertEqual (/Users/swatigakhar/Desktop/comprocopy/comprodls-copy/engageAutomation/core/actionLibrary/baseAssertionLibrary.js:30:16)
                    at Object.ENG_GLOB_TC_58 (/Users/swatigakhar/Desktop/comprocopy/comprodls-copy/engageAutomation/test/engageExperienceApp/browse.test.js:280:13)
                    at specRunner.identifyTest (/Users/swatigakhar/Desktop/comprocopy/comprodls-copy/engageAutomation/test/tempRunner/AcceptanceNew.js:204:34)
                    at Context.&lt;anonymous> (/Users/swatigakhar/Desktop/comprocopy/comprodls-copy/engageAutomation/test/tempRunner/AcceptanceNew.js:132:34)</stack-trace>
            </failure>
        </test-case>
        <test-case start='1649343971933' status='failed' stop='1649343972556'>
            <name>ENG_SHELL_TC_4 Validate that clicking on the Classes button in the left navigation pane launches Classes List  page - (P1, Desktop)</name>
            <title>ENG_SHELL_TC_4 Validate that clicking on the Classes button in the left navigation pane launches Classes List  page - (P1, Desktop)</title>
            <labels>
                <label name='language' value='javascript'/>
                <label name='framework' value='wdio'/>
                <label name='thread' value='0-0'/>
            </labels>
            <parameters>
                <parameter kind='argument' name='browser' value='Safari-14.1.2'/>
            </parameters>
            <steps>
                <step start='1649343971934' status='passed' stop='1649343971934'>
                    <name>"before each" hook for Suite1 - Functional Validation of experience app for Teacher workflow</name>
                    <title>"before each" hook for Suite1 - Functional Validation of experience app for Teacher workflow</title>
                    <attachments/>
                    <steps/>
                </step>
                <step start='1649343972556' status='passed' stop='1649343972556'>
                    <name>"after each" hook for Suite1 - Functional Validation of experience app for Teacher workflow</name>
                    <title>"after each" hook for Suite1 - Functional Validation of experience app for Teacher workflow</title>
                    <attachments/>
                    <steps/>
                </step>
            </steps>
            <attachments/>
            <failure>
                <message>status mismatch: expected 'invalid session id: unknown error -- Error in clicking Class Button' to equal true      
                      actual expected
                      
                      'invalid session id: unknown error -- Error in clicking Class Button'true
                      </message>
                <stack-trace>AssertionError: status mismatch: expected 'invalid session id: unknown error -- Error in clicking Class Button' to equal true
                    at Object.assertEqual (/Users/swatigakhar/Desktop/comprocopy/comprodls-copy/engageAutomation/core/actionLibrary/baseAssertionLibrary.js:30:16)
                    at Object.ENG_SHELL_TC_4 (/Users/swatigakhar/Desktop/comprocopy/comprodls-copy/engageAutomation/test/engageExperienceApp/appShell.test.js:44:13)
                    at specRunner.identifyTest (/Users/swatigakhar/Desktop/comprocopy/comprodls-copy/engageAutomation/test/tempRunner/AcceptanceNew.js:204:34)
                    at Context.&lt;anonymous> (/Users/swatigakhar/Desktop/comprocopy/comprodls-copy/engageAutomation/test/tempRunner/AcceptanceNew.js:132:34)</stack-trace>
            </failure>
        </test-case>
        <test-case start='1649343972556' status='failed' stop='1649343972588'>
            <name>ENG_INS_CLASS_TC_7 Validate that on clicking a Class card on the My Classes Page, Class Dashboard is launched for that class - (P1)</name>
            <title>ENG_INS_CLASS_TC_7 Validate that on clicking a Class card on the My Classes Page, Class Dashboard is launched for that class - (P1)</title>
            <labels>
                <label name='language' value='javascript'/>
                <label name='framework' value='wdio'/>
                <label name='thread' value='0-0'/>
            </labels>
            <parameters>
                <parameter kind='argument' name='browser' value='Safari-14.1.2'/>
            </parameters>
            <steps>
                <step start='1649343972556' status='passed' stop='1649343972557'>
                    <name>"before each" hook for Suite1 - Functional Validation of experience app for Teacher workflow</name>
                    <title>"before each" hook for Suite1 - Functional Validation of experience app for Teacher workflow</title>
                    <attachments/>
                    <steps/>
                </step>
                <step start='1649343972588' status='passed' stop='1649343972588'>
                    <name>"after each" hook for Suite1 - Functional Validation of experience app for Teacher workflow</name>
                    <title>"after each" hook for Suite1 - Functional Validation of experience app for Teacher workflow</title>
                    <attachments/>
                    <steps/>
                </step>
            </steps>
            <attachments/>
            <failure>
                <message>Class Details page is not launched: expected 'ERROR! No class found with name acceptanceClass !!' to equal true      
                      actual expected
                      
                      'ERROR! No class found with name acceptanceClass !!'true
                      </message>
                <stack-trace>AssertionError: Class Details page is not launched: expected 'ERROR! No class found with name acceptanceClass !!' to equal true
                    at Object.assertEqual (/Users/swatigakhar/Desktop/comprocopy/comprodls-copy/engageAutomation/core/actionLibrary/baseAssertionLibrary.js:30:16)
                    at Object.ENG_INS_CLASS_TC_7 (/Users/swatigakhar/Desktop/comprocopy/comprodls-copy/engageAutomation/test/engageExperienceApp/classDashboard.test.js:142:13)
                    at specRunner.identifyTest (/Users/swatigakhar/Desktop/comprocopy/comprodls-copy/engageAutomation/test/tempRunner/AcceptanceNew.js:204:34)
                    at Context.&lt;anonymous> (/Users/swatigakhar/Desktop/comprocopy/comprodls-copy/engageAutomation/test/tempRunner/AcceptanceNew.js:132:34)</stack-trace>
            </failure>
        </test-case>
        <test-case start='1649343972588' status='failed' stop='1649343972611'>
            <name>ENG_INS_CLASS_TC_44 Validate book details is launched after clicking on View Book button - (P1)</name>
            <title>ENG_INS_CLASS_TC_44 Validate book details is launched after clicking on View Book button - (P1)</title>
            <labels>
                <label name='language' value='javascript'/>
                <label name='framework' value='wdio'/>
                <label name='thread' value='0-0'/>
            </labels>
            <parameters>
                <parameter kind='argument' name='browser' value='Safari-14.1.2'/>
            </parameters>
            <steps>
                <step start='1649343972588' status='passed' stop='1649343972588'>
                    <name>"before each" hook for Suite1 - Functional Validation of experience app for Teacher workflow</name>
                    <title>"before each" hook for Suite1 - Functional Validation of experience app for Teacher workflow</title>
                    <attachments/>
                    <steps/>
                </step>
                <step start='1649343972611' status='passed' stop='1649343972611'>
                    <name>"after each" hook for Suite1 - Functional Validation of experience app for Teacher workflow</name>
                    <title>"after each" hook for Suite1 - Functional Validation of experience app for Teacher workflow</title>
                    <attachments/>
                    <steps/>
                </step>
            </steps>
            <attachments/>
            <failure>
                <message>View book page status mismatch: expected undefined to equal true      
                      actual expected
                      
                      undefinedtrue
                      </message>
                <stack-trace>AssertionError: View book page status mismatch: expected undefined to equal true
                    at Object.assertEqual (/Users/swatigakhar/Desktop/comprocopy/comprodls-copy/engageAutomation/core/actionLibrary/baseAssertionLibrary.js:30:16)
                    at Object.ENG_INS_CLASS_TC_44 (/Users/swatigakhar/Desktop/comprocopy/comprodls-copy/engageAutomation/test/engageExperienceApp/classDashboard.test.js:502:13)
                    at specRunner.identifyTest (/Users/swatigakhar/Desktop/comprocopy/comprodls-copy/engageAutomation/test/tempRunner/AcceptanceNew.js:204:34)
                    at Context.&lt;anonymous> (/Users/swatigakhar/Desktop/comprocopy/comprodls-copy/engageAutomation/test/tempRunner/AcceptanceNew.js:132:34)</stack-trace>
            </failure>
        </test-case>
        <test-case start='1649343972611' status='failed' stop='1649343972632'>
            <name>ENG_BOOK_TC_10 Validate clicking on a component displays the units asscoiated with the component - (P1)</name>
            <title>ENG_BOOK_TC_10 Validate clicking on a component displays the units asscoiated with the component - (P1)</title>
            <labels>
                <label name='language' value='javascript'/>
                <label name='framework' value='wdio'/>
                <label name='thread' value='0-0'/>
            </labels>
            <parameters>
                <parameter kind='argument' name='browser' value='Safari-14.1.2'/>
            </parameters>
            <steps>
                <step start='1649343972612' status='passed' stop='1649343972612'>
                    <name>"before each" hook for Suite1 - Functional Validation of experience app for Teacher workflow</name>
                    <title>"before each" hook for Suite1 - Functional Validation of experience app for Teacher workflow</title>
                    <attachments/>
                    <steps/>
                </step>
                <step start='1649343972632' status='passed' stop='1649343972632'>
                    <name>"after each" hook for Suite1 - Functional Validation of experience app for Teacher workflow</name>
                    <title>"after each" hook for Suite1 - Functional Validation of experience app for Teacher workflow</title>
                    <attachments/>
                    <steps/>
                </step>
            </steps>
            <attachments/>
            <failure>
                <message>Tab not selected: expected 'invalid session id: unknown error -- Error in clicking Class Button' to equal true      
                      actual expected
                      
                      'invalid session id: unknown error -- Error in clicking Class Button'true
                      </message>
                <stack-trace>AssertionError: Tab not selected: expected 'invalid session id: unknown error -- Error in clicking Class Button' to equal true
                    at Object.assertEqual (/Users/swatigakhar/Desktop/comprocopy/comprodls-copy/engageAutomation/core/actionLibrary/baseAssertionLibrary.js:30:16)
                    at Object.ENG_BOOK_TC_10 (/Users/swatigakhar/Desktop/comprocopy/comprodls-copy/engageAutomation/test/engageExperienceApp/viewBook.test.js:66:19)
                    at specRunner.identifyTest (/Users/swatigakhar/Desktop/comprocopy/comprodls-copy/engageAutomation/test/tempRunner/AcceptanceNew.js:204:34)
                    at Context.&lt;anonymous> (/Users/swatigakhar/Desktop/comprocopy/comprodls-copy/engageAutomation/test/tempRunner/AcceptanceNew.js:132:34)</stack-trace>
            </failure>
        </test-case>
        <test-case start='1649343972632' status='failed' stop='1649343972655'>
            <name>ENG_BOOK_TC_19 Validate clicking on a unit launches the unit detail view page. - (P1)</name>
            <title>ENG_BOOK_TC_19 Validate clicking on a unit launches the unit detail view page. - (P1)</title>
            <labels>
                <label name='language' value='javascript'/>
                <label name='framework' value='wdio'/>
                <label name='thread' value='0-0'/>
            </labels>
            <parameters>
                <parameter kind='argument' name='browser' value='Safari-14.1.2'/>
            </parameters>
            <steps>
                <step start='1649343972632' status='passed' stop='1649343972632'>
                    <name>"before each" hook for Suite1 - Functional Validation of experience app for Teacher workflow</name>
                    <title>"before each" hook for Suite1 - Functional Validation of experience app for Teacher workflow</title>
                    <attachments/>
                    <steps/>
                </step>
                <step start='1649343972655' status='passed' stop='1649343972655'>
                    <name>"after each" hook for Suite1 - Functional Validation of experience app for Teacher workflow</name>
                    <title>"after each" hook for Suite1 - Functional Validation of experience app for Teacher workflow</title>
                    <attachments/>
                    <steps/>
                </step>
            </steps>
            <attachments/>
            <failure>
                <message>View Unit page status mismatch: expected undefined to equal true      
                      actual expected
                      
                      undefinedtrue
                      </message>
                <stack-trace>AssertionError: View Unit page status mismatch: expected undefined to equal true
                    at Object.assertEqual (/Users/swatigakhar/Desktop/comprocopy/comprodls-copy/engageAutomation/core/actionLibrary/baseAssertionLibrary.js:30:16)
                    at Object.ENG_BOOK_TC_19 (/Users/swatigakhar/Desktop/comprocopy/comprodls-copy/engageAutomation/test/engageExperienceApp/viewBook.test.js:126:19)
                    at specRunner.identifyTest (/Users/swatigakhar/Desktop/comprocopy/comprodls-copy/engageAutomation/test/tempRunner/AcceptanceNew.js:204:34)
                    at Context.&lt;anonymous> (/Users/swatigakhar/Desktop/comprocopy/comprodls-copy/engageAutomation/test/tempRunner/AcceptanceNew.js:132:34)</stack-trace>
            </failure>
        </test-case>
        <test-case start='1649343972655' status='failed' stop='1649343972680'>
            <name>ENG_BOOK_TC_21 Validate that clicking on Activity on unit detail view page launches the activity - (P1)</name>
            <title>ENG_BOOK_TC_21 Validate that clicking on Activity on unit detail view page launches the activity - (P1)</title>
            <labels>
                <label name='language' value='javascript'/>
                <label name='framework' value='wdio'/>
                <label name='thread' value='0-0'/>
            </labels>
            <parameters>
                <parameter kind='argument' name='browser' value='Safari-14.1.2'/>
            </parameters>
            <steps>
                <step start='1649343972655' status='passed' stop='1649343972655'>
                    <name>"before each" hook for Suite1 - Functional Validation of experience app for Teacher workflow</name>
                    <title>"before each" hook for Suite1 - Functional Validation of experience app for Teacher workflow</title>
                    <attachments/>
                    <steps/>
                </step>
                <step start='1649343972680' status='passed' stop='1649343972680'>
                    <name>"after each" hook for Suite1 - Functional Validation of experience app for Teacher workflow</name>
                    <title>"after each" hook for Suite1 - Functional Validation of experience app for Teacher workflow</title>
                    <attachments/>
                    <steps/>
                </step>
            </steps>
            <attachments/>
            <failure>
                <message>Activity Not Clicked: expected false to equal true      
                      actual expected
                      
                      falsetrue
                      </message>
                <stack-trace>AssertionError: Activity Not Clicked: expected false to equal true
                    at Object.assertEqual (/Users/swatigakhar/Desktop/comprocopy/comprodls-copy/engageAutomation/core/actionLibrary/baseAssertionLibrary.js:30:16)
                    at Object.ENG_BOOK_TC_21 (/Users/swatigakhar/Desktop/comprocopy/comprodls-copy/engageAutomation/test/engageExperienceApp/viewUnit.test.js:17:19)
                    at specRunner.identifyTest (/Users/swatigakhar/Desktop/comprocopy/comprodls-copy/engageAutomation/test/tempRunner/AcceptanceNew.js:204:34)
                    at Context.&lt;anonymous> (/Users/swatigakhar/Desktop/comprocopy/comprodls-copy/engageAutomation/test/tempRunner/AcceptanceNew.js:132:34)</stack-trace>
            </failure>
        </test-case>
        <test-case start='1649343972680' status='failed' stop='1649343972701'>
            <name>ENG_PLAY_TC_1 Validate testplayer when a question is launched - (P1)</name>
            <title>ENG_PLAY_TC_1 Validate testplayer when a question is launched - (P1)</title>
            <labels>
                <label name='language' value='javascript'/>
                <label name='framework' value='wdio'/>
                <label name='thread' value='0-0'/>
            </labels>
            <parameters>
                <parameter kind='argument' name='browser' value='Safari-14.1.2'/>
            </parameters>
            <steps>
                <step start='1649343972680' status='passed' stop='1649343972681'>
                    <name>"before each" hook for Suite1 - Functional Validation of experience app for Teacher workflow</name>
                    <title>"before each" hook for Suite1 - Functional Validation of experience app for Teacher workflow</title>
                    <attachments/>
                    <steps/>
                </step>
                <step start='1649343972701' status='passed' stop='1649343972701'>
                    <name>"after each" hook for Suite1 - Functional Validation of experience app for Teacher workflow</name>
                    <title>"after each" hook for Suite1 - Functional Validation of experience app for Teacher workflow</title>
                    <attachments/>
                    <steps/>
                </step>
            </steps>
            <attachments/>
            <failure>
                <message>Activity submission status mismatch: expected undefined to equal false</message>
                <stack-trace>AssertionError: Activity submission status mismatch: expected undefined to equal false
                    at Object.assertEqual (/Users/swatigakhar/Desktop/comprocopy/comprodls-copy/engageAutomation/core/actionLibrary/baseAssertionLibrary.js:30:16)
                    at Object.ENG_PLAY_TC_1 (/Users/swatigakhar/Desktop/comprocopy/comprodls-copy/engageAutomation/test/engageExperienceApp/activityPlayer.test.js:11:13)
                    at specRunner.identifyTest (/Users/swatigakhar/Desktop/comprocopy/comprodls-copy/engageAutomation/test/tempRunner/AcceptanceNew.js:204:34)
                    at Context.&lt;anonymous> (/Users/swatigakhar/Desktop/comprocopy/comprodls-copy/engageAutomation/test/tempRunner/AcceptanceNew.js:132:34)</stack-trace>
            </failure>
        </test-case>
        <test-case start='1649343972701' status='failed' stop='1649343972737'>
            <name>ENG_ITEM_MMCQ_TC_1 Validate the Multi MCSR question launch in default unattempted state - (P3)</name>
            <title>ENG_ITEM_MMCQ_TC_1 Validate the Multi MCSR question launch in default unattempted state - (P3)</title>
            <labels>
                <label name='language' value='javascript'/>
                <label name='framework' value='wdio'/>
                <label name='thread' value='0-0'/>
            </labels>
            <parameters>
                <parameter kind='argument' name='browser' value='Safari-14.1.2'/>
            </parameters>
            <steps>
                <step start='1649343972701' status='passed' stop='1649343972701'>
                    <name>"before each" hook for Suite1 - Functional Validation of experience app for Teacher workflow</name>
                    <title>"before each" hook for Suite1 - Functional Validation of experience app for Teacher workflow</title>
                    <attachments/>
                    <steps/>
                </step>
                <step start='1649343972738' status='passed' stop='1649343972738'>
                    <name>"after each" hook for Suite1 - Functional Validation of experience app for Teacher workflow</name>
                    <title>"after each" hook for Suite1 - Functional Validation of experience app for Teacher workflow</title>
                    <attachments/>
                    <steps/>
                </step>
            </steps>
            <attachments/>
            <failure>
                <message>Multi MCSR question not loaded: expected [invalid session id: unknown error] to equal true      
                      actual expected
                      
                      { [invalid session id: unknown error] name: 'invalid session id' }true
                      </message>
                <stack-trace>AssertionError: Multi MCSR question not loaded: expected [invalid session id: unknown error] to equal true
                    at Object.assertEqual (/Users/swatigakhar/Desktop/comprocopy/comprodls-copy/engageAutomation/core/actionLibrary/baseAssertionLibrary.js:30:16)
                    at Object.ENG_ITEM_MMCQ_TC_1 (/Users/swatigakhar/Desktop/comprocopy/comprodls-copy/engageAutomation/test/engageExperienceApp/multimcq.test.js:10:13)
                    at specRunner.identifyTest (/Users/swatigakhar/Desktop/comprocopy/comprodls-copy/engageAutomation/test/tempRunner/AcceptanceNew.js:204:34)
                    at Context.&lt;anonymous> (/Users/swatigakhar/Desktop/comprocopy/comprodls-copy/engageAutomation/test/tempRunner/AcceptanceNew.js:132:34)</stack-trace>
            </failure>
        </test-case>
        <test-case start='1649343972738' status='failed' stop='1649343972813'>
            <name>ENG_ITEM_MMCQ_TC_2 Validate that the user can select an option in multiple sub-questions while performing the question - (P1)</name>
            <title>ENG_ITEM_MMCQ_TC_2 Validate that the user can select an option in multiple sub-questions while performing the question - (P1)</title>
            <labels>
                <label name='language' value='javascript'/>
                <label name='framework' value='wdio'/>
                <label name='thread' value='0-0'/>
            </labels>
            <parameters>
                <parameter kind='argument' name='browser' value='Safari-14.1.2'/>
            </parameters>
            <steps>
                <step start='1649343972738' status='passed' stop='1649343972738'>
                    <name>"before each" hook for Suite1 - Functional Validation of experience app for Teacher workflow</name>
                    <title>"before each" hook for Suite1 - Functional Validation of experience app for Teacher workflow</title>
                    <attachments/>
                    <steps/>
                </step>
                <step start='1649343972813' status='passed' stop='1649343972813'>
                    <name>"after each" hook for Suite1 - Functional Validation of experience app for Teacher workflow</name>
                    <title>"after each" hook for Suite1 - Functional Validation of experience app for Teacher workflow</title>
                    <attachments/>
                    <steps/>
                </step>
            </steps>
            <attachments/>
            <failure>
                <message>invalid session id: unknown error: expected [invalid session id: unknown error] to equal true      
                      actual expected
                      
                      { [invalid session id: unknown error] name: 'invalid session id' }true
                      </message>
                <stack-trace>AssertionError: invalid session id: unknown error: expected [invalid session id: unknown error] to equal true
                    at Object.assertEqual (/Users/swatigakhar/Desktop/comprocopy/comprodls-copy/engageAutomation/core/actionLibrary/baseAssertionLibrary.js:30:16)
                    at Object.ENG_ITEM_MMCQ_TC_2 (/Users/swatigakhar/Desktop/comprocopy/comprodls-copy/engageAutomation/test/engageExperienceApp/multimcq.test.js:16:13)
                    at specRunner.identifyTest (/Users/swatigakhar/Desktop/comprocopy/comprodls-copy/engageAutomation/test/tempRunner/AcceptanceNew.js:204:34)
                    at Context.&lt;anonymous> (/Users/swatigakhar/Desktop/comprocopy/comprodls-copy/engageAutomation/test/tempRunner/AcceptanceNew.js:132:34)</stack-trace>
            </failure>
        </test-case>
        <test-case start='1649343972813' status='failed' stop='1649343972841'>
            <name>ENG_PLAY_TC_3 Validate testplayer when user click on Check My Work button - (P1)</name>
            <title>ENG_PLAY_TC_3 Validate testplayer when user click on Check My Work button - (P1)</title>
            <labels>
                <label name='language' value='javascript'/>
                <label name='framework' value='wdio'/>
                <label name='thread' value='0-0'/>
            </labels>
            <parameters>
                <parameter kind='argument' name='browser' value='Safari-14.1.2'/>
            </parameters>
            <steps>
                <step start='1649343972814' status='passed' stop='1649343972814'>
                    <name>"before each" hook for Suite1 - Functional Validation of experience app for Teacher workflow</name>
                    <title>"before each" hook for Suite1 - Functional Validation of experience app for Teacher workflow</title>
                    <attachments/>
                    <steps/>
                </step>
                <step start='1649343972841' status='passed' stop='1649343972841'>
                    <name>"after each" hook for Suite1 - Functional Validation of experience app for Teacher workflow</name>
                    <title>"after each" hook for Suite1 - Functional Validation of experience app for Teacher workflow</title>
                    <attachments/>
                    <steps/>
                </step>
            </steps>
            <attachments/>
            <failure>
                <message>checkAnswerBtn status mismatch: expected [invalid session id: unknown error] to equal false      
                      actual expected
                      
                      { [invalid session id: unknown error] name: 'invalid session id' }false
                      </message>
                <stack-trace>AssertionError: checkAnswerBtn status mismatch: expected [invalid session id: unknown error] to equal false
                    at Object.assertEqual (/Users/swatigakhar/Desktop/comprocopy/comprodls-copy/engageAutomation/core/actionLibrary/baseAssertionLibrary.js:30:16)
                    at Object.ENG_PLAY_TC_3 (/Users/swatigakhar/Desktop/comprocopy/comprodls-copy/engageAutomation/test/engageExperienceApp/activityPlayer.test.js:74:13)
                    at specRunner.identifyTest (/Users/swatigakhar/Desktop/comprocopy/comprodls-copy/engageAutomation/test/tempRunner/AcceptanceNew.js:204:34)
                    at Context.&lt;anonymous> (/Users/swatigakhar/Desktop/comprocopy/comprodls-copy/engageAutomation/test/tempRunner/AcceptanceNew.js:132:34)</stack-trace>
            </failure>
        </test-case>
        <test-case start='1649343972841' status='failed' stop='1649343973100'>
            <name>ENG_ITEM_MMCQ_TC_3 Validate MCMR question functionality for Correct scenario - (P1)</name>
            <title>ENG_ITEM_MMCQ_TC_3 Validate MCMR question functionality for Correct scenario - (P1)</title>
            <labels>
                <label name='language' value='javascript'/>
                <label name='framework' value='wdio'/>
                <label name='thread' value='0-0'/>
            </labels>
            <parameters>
                <parameter kind='argument' name='browser' value='Safari-14.1.2'/>
            </parameters>
            <steps>
                <step start='1649343972841' status='passed' stop='1649343972842'>
                    <name>"before each" hook for Suite1 - Functional Validation of experience app for Teacher workflow</name>
                    <title>"before each" hook for Suite1 - Functional Validation of experience app for Teacher workflow</title>
                    <attachments/>
                    <steps/>
                </step>
                <step start='1649343973101' status='passed' stop='1649343973101'>
                    <name>"after each" hook for Suite1 - Functional Validation of experience app for Teacher workflow</name>
                    <title>"after each" hook for Suite1 - Functional Validation of experience app for Teacher workflow</title>
                    <attachments/>
                    <steps/>
                </step>
            </steps>
            <attachments/>
            <failure>
                <message>Multi MCSR 'value' for index 0 is - 1-O1,invalid session id: unknown error,,: expected '' to equal 'correct'      
                      actual expected
                      
                      'correct'
                      </message>
                <stack-trace>AssertionError: Multi MCSR 'value' for index 0 is - 1-O1,invalid session id: unknown error,,: expected '' to equal 'correct'
                    at Object.assertEqual (/Users/swatigakhar/Desktop/comprocopy/comprodls-copy/engageAutomation/core/actionLibrary/baseAssertionLibrary.js:30:16)
                    at Object.ENG_ITEM_MMCQ_TC_3 (/Users/swatigakhar/Desktop/comprocopy/comprodls-copy/engageAutomation/test/engageExperienceApp/multimcq.test.js:24:15)
                    at specRunner.identifyTest (/Users/swatigakhar/Desktop/comprocopy/comprodls-copy/engageAutomation/test/tempRunner/AcceptanceNew.js:204:34)
                    at Context.&lt;anonymous> (/Users/swatigakhar/Desktop/comprocopy/comprodls-copy/engageAutomation/test/tempRunner/AcceptanceNew.js:132:34)</stack-trace>
            </failure>
        </test-case>
        <test-case start='1649343973101' status='passed' stop='1649343973277'>
            <name>ENG_PLAY_TC_10 Validate the activity player when Last question of quiz is launched - ()</name>
            <title>ENG_PLAY_TC_10 Validate the activity player when Last question of quiz is launched - ()</title>
            <labels>
                <label name='language' value='javascript'/>
                <label name='framework' value='wdio'/>
                <label name='thread' value='0-0'/>
            </labels>
            <parameters>
                <parameter kind='argument' name='browser' value='Safari-14.1.2'/>
            </parameters>
            <steps>
                <step start='1649343973101' status='passed' stop='1649343973101'>
                    <name>"before each" hook for Suite1 - Functional Validation of experience app for Teacher workflow</name>
                    <title>"before each" hook for Suite1 - Functional Validation of experience app for Teacher workflow</title>
                    <attachments/>
                    <steps/>
                </step>
                <step start='1649343973277' status='passed' stop='1649343973277'>
                    <name>"after each" hook for Suite1 - Functional Validation of experience app for Teacher workflow</name>
                    <title>"after each" hook for Suite1 - Functional Validation of experience app for Teacher workflow</title>
                    <attachments/>
                    <steps/>
                </step>
            </steps>
            <attachments/>
        </test-case>
        <test-case start='1649343973277' status='failed' stop='1649343973302'>
            <name>ENG_PLAY_TC_8 Validate testplayer when a question is launched for the student - (P1)</name>
            <title>ENG_PLAY_TC_8 Validate testplayer when a question is launched for the student - (P1)</title>
            <labels>
                <label name='language' value='javascript'/>
                <label name='framework' value='wdio'/>
                <label name='thread' value='0-0'/>
            </labels>
            <parameters>
                <parameter kind='argument' name='browser' value='Safari-14.1.2'/>
            </parameters>
            <steps>
                <step start='1649343973277' status='passed' stop='1649343973277'>
                    <name>"before each" hook for Suite1 - Functional Validation of experience app for Teacher workflow</name>
                    <title>"before each" hook for Suite1 - Functional Validation of experience app for Teacher workflow</title>
                    <attachments/>
                    <steps/>
                </step>
                <step start='1649343973302' status='passed' stop='1649343973302'>
                    <name>"after each" hook for Suite1 - Functional Validation of experience app for Teacher workflow</name>
                    <title>"after each" hook for Suite1 - Functional Validation of experience app for Teacher workflow</title>
                    <attachments/>
                    <steps/>
                </step>
            </steps>
            <attachments/>
            <failure>
                <message>submit status mismatch: expected undefined to equal true      
                      actual expected
                      
                      undefinedtrue
                      </message>
                <stack-trace>AssertionError: submit status mismatch: expected undefined to equal true
                    at Object.assertEqual (/Users/swatigakhar/Desktop/comprocopy/comprodls-copy/engageAutomation/core/actionLibrary/baseAssertionLibrary.js:30:16)
                    at Object.ENG_PLAY_TC_8 (/Users/swatigakhar/Desktop/comprocopy/comprodls-copy/engageAutomation/test/engageExperienceApp/activityPlayer.test.js:124:13)
                    at specRunner.identifyTest (/Users/swatigakhar/Desktop/comprocopy/comprodls-copy/engageAutomation/test/tempRunner/AcceptanceNew.js:204:34)
                    at Context.&lt;anonymous> (/Users/swatigakhar/Desktop/comprocopy/comprodls-copy/engageAutomation/test/tempRunner/AcceptanceNew.js:132:34)</stack-trace>
            </failure>
        </test-case>
        <test-case start='1649343973302' status='failed' stop='1649343973377'>
            <name>ENG_SHELL_TC_11 Validate that click on breadcrumb back button on the header launch the previous page - (P1)</name>
            <title>ENG_SHELL_TC_11 Validate that click on breadcrumb back button on the header launch the previous page - (P1)</title>
            <labels>
                <label name='language' value='javascript'/>
                <label name='framework' value='wdio'/>
                <label name='thread' value='0-0'/>
            </labels>
            <parameters>
                <parameter kind='argument' name='browser' value='Safari-14.1.2'/>
            </parameters>
            <steps>
                <step start='1649343973303' status='passed' stop='1649343973303'>
                    <name>"before each" hook for Suite1 - Functional Validation of experience app for Teacher workflow</name>
                    <title>"before each" hook for Suite1 - Functional Validation of experience app for Teacher workflow</title>
                    <attachments/>
                    <steps/>
                </step>
                <step start='1649343973378' status='passed' stop='1649343973379'>
                    <name>"after each" hook for Suite1 - Functional Validation of experience app for Teacher workflow</name>
                    <title>"after each" hook for Suite1 - Functional Validation of experience app for Teacher workflow</title>
                    <attachments/>
                    <steps/>
                </step>
            </steps>
            <attachments/>
            <failure>
                <message>Back button is not clicked: expected [invalid session id: unknown error] to equal true      
                      actual expected
                      
                      { [invalid session id: unknown error] name: 'invalid session id' }true
                      </message>
                <stack-trace>AssertionError: Back button is not clicked: expected [invalid session id: unknown error] to equal true
                    at Object.assertEqual (/Users/swatigakhar/Desktop/comprocopy/comprodls-copy/engageAutomation/core/actionLibrary/baseAssertionLibrary.js:30:16)
                    at Object.ENG_SHELL_TC_11 (/Users/swatigakhar/Desktop/comprocopy/comprodls-copy/engageAutomation/test/engageExperienceApp/appShell.test.js:118:13)
                    at specRunner.identifyTest (/Users/swatigakhar/Desktop/comprocopy/comprodls-copy/engageAutomation/test/tempRunner/AcceptanceNew.js:204:34)
                    at Context.&lt;anonymous> (/Users/swatigakhar/Desktop/comprocopy/comprodls-copy/engageAutomation/test/tempRunner/AcceptanceNew.js:132:34)</stack-trace>
            </failure>
        </test-case>
        <test-case start='1649343973379' status='failed' stop='1649343973405'>
            <name>ENG_SHELL_TC_2 Validate that clicking on the Dashboard button in the left navigation pane launches Dashboard page - (P1, Desktop)</name>
            <title>ENG_SHELL_TC_2 Validate that clicking on the Dashboard button in the left navigation pane launches Dashboard page - (P1, Desktop)</title>
            <labels>
                <label name='language' value='javascript'/>
                <label name='framework' value='wdio'/>
                <label name='thread' value='0-0'/>
            </labels>
            <parameters>
                <parameter kind='argument' name='browser' value='Safari-14.1.2'/>
            </parameters>
            <steps>
                <step start='1649343973380' status='passed' stop='1649343973380'>
                    <name>"before each" hook for Suite1 - Functional Validation of experience app for Teacher workflow</name>
                    <title>"before each" hook for Suite1 - Functional Validation of experience app for Teacher workflow</title>
                    <attachments/>
                    <steps/>
                </step>
                <step start='1649343973405' status='passed' stop='1649343973405'>
                    <name>"after each" hook for Suite1 - Functional Validation of experience app for Teacher workflow</name>
                    <title>"after each" hook for Suite1 - Functional Validation of experience app for Teacher workflow</title>
                    <attachments/>
                    <steps/>
                </step>
            </steps>
            <attachments/>
            <failure>
                <message>Dashboard page status mismatch: expected undefined to equal true      
                      actual expected
                      
                      undefinedtrue
                      </message>
                <stack-trace>AssertionError: Dashboard page status mismatch: expected undefined to equal true
                    at Object.assertEqual (/Users/swatigakhar/Desktop/comprocopy/comprodls-copy/engageAutomation/core/actionLibrary/baseAssertionLibrary.js:30:16)
                    at Object.ENG_SHELL_TC_2 (/Users/swatigakhar/Desktop/comprocopy/comprodls-copy/engageAutomation/test/engageExperienceApp/appShell.test.js:32:13)
                    at specRunner.identifyTest (/Users/swatigakhar/Desktop/comprocopy/comprodls-copy/engageAutomation/test/tempRunner/AcceptanceNew.js:204:34)
                    at Context.&lt;anonymous> (/Users/swatigakhar/Desktop/comprocopy/comprodls-copy/engageAutomation/test/tempRunner/AcceptanceNew.js:132:34)</stack-trace>
            </failure>
        </test-case>
        <test-case start='1649343973405' status='broken' stop='1649343973418'>
            <name>ENG_DASH_TC_12 Validate that clicking on the 3 dots on book details page, launches the option menu with 'Remove from My Books' - (P1)</name>
            <title>ENG_DASH_TC_12 Validate that clicking on the 3 dots on book details page, launches the option menu with 'Remove from My Books' - (P1)</title>
            <labels>
                <label name='language' value='javascript'/>
                <label name='framework' value='wdio'/>
                <label name='thread' value='0-0'/>
            </labels>
            <parameters>
                <parameter kind='argument' name='browser' value='Safari-14.1.2'/>
            </parameters>
            <steps>
                <step start='1649343973405' status='passed' stop='1649343973405'>
                    <name>"before each" hook for Suite1 - Functional Validation of experience app for Teacher workflow</name>
                    <title>"before each" hook for Suite1 - Functional Validation of experience app for Teacher workflow</title>
                    <attachments/>
                    <steps/>
                </step>
                <step start='1649343973418' status='passed' stop='1649343973418'>
                    <name>"after each" hook for Suite1 - Functional Validation of experience app for Teacher workflow</name>
                    <title>"after each" hook for Suite1 - Functional Validation of experience app for Teacher workflow</title>
                    <attachments/>
                    <steps/>
                </step>
            </steps>
            <attachments/>
            <failure>
                <message>Cannot read property 'bookMenu_viewClassOption' of undefined</message>
                <stack-trace>TypeError: Cannot read property 'bookMenu_viewClassOption' of undefined
                    at Object.ENG_DASH_TC_12 (/Users/swatigakhar/Desktop/comprocopy/comprodls-copy/engageAutomation/test/engageExperienceApp/dashboard.test.js:55:35)
                    at specRunner.identifyTest (/Users/swatigakhar/Desktop/comprocopy/comprodls-copy/engageAutomation/test/tempRunner/AcceptanceNew.js:204:34)
                    at Context.&lt;anonymous> (/Users/swatigakhar/Desktop/comprocopy/comprodls-copy/engageAutomation/test/tempRunner/AcceptanceNew.js:132:34)</stack-trace>
            </failure>
        </test-case>
        <test-case start='1649343973418' status='failed' stop='1649343973437'>
            <name>ENG_DASH_TC_13 Validate that clicking on 'Remove from My Books' launches a pop up with label 'Remove from My Books?' - (P1)</name>
            <title>ENG_DASH_TC_13 Validate that clicking on 'Remove from My Books' launches a pop up with label 'Remove from My Books?' - (P1)</title>
            <labels>
                <label name='language' value='javascript'/>
                <label name='framework' value='wdio'/>
                <label name='thread' value='0-0'/>
            </labels>
            <parameters>
                <parameter kind='argument' name='browser' value='Safari-14.1.2'/>
            </parameters>
            <steps>
                <step start='1649343973418' status='passed' stop='1649343973418'>
                    <name>"before each" hook for Suite1 - Functional Validation of experience app for Teacher workflow</name>
                    <title>"before each" hook for Suite1 - Functional Validation of experience app for Teacher workflow</title>
                    <attachments/>
                    <steps/>
                </step>
                <step start='1649343973437' status='passed' stop='1649343973437'>
                    <name>"after each" hook for Suite1 - Functional Validation of experience app for Teacher workflow</name>
                    <title>"after each" hook for Suite1 - Functional Validation of experience app for Teacher workflow</title>
                    <attachments/>
                    <steps/>
                </step>
            </steps>
            <attachments/>
            <failure>
                <message>Menu Remove Title status mismatch: expected undefined to equal 'Remove from My Books?'      
                      actual expected
                      
                      undefined'Remove from My Books?'
                      </message>
                <stack-trace>AssertionError: Menu Remove Title status mismatch: expected undefined to equal 'Remove from My Books?'
                    at Object.assertEqual (/Users/swatigakhar/Desktop/comprocopy/comprodls-copy/engageAutomation/core/actionLibrary/baseAssertionLibrary.js:30:16)
                    at Object.ENG_DASH_TC_13 (/Users/swatigakhar/Desktop/comprocopy/comprodls-copy/engageAutomation/test/engageExperienceApp/dashboard.test.js:65:19)
                    at specRunner.identifyTest (/Users/swatigakhar/Desktop/comprocopy/comprodls-copy/engageAutomation/test/tempRunner/AcceptanceNew.js:204:34)
                    at Context.&lt;anonymous> (/Users/swatigakhar/Desktop/comprocopy/comprodls-copy/engageAutomation/test/tempRunner/AcceptanceNew.js:132:34)</stack-trace>
            </failure>
        </test-case>
        <test-case start='1649343973437' status='failed' stop='1649343973455'>
            <name>ENG_DASH_TC_15 Validate that clicking on 'Remove' removes the book from 'My List' - (P1)</name>
            <title>ENG_DASH_TC_15 Validate that clicking on 'Remove' removes the book from 'My List' - (P1)</title>
            <labels>
                <label name='language' value='javascript'/>
                <label name='framework' value='wdio'/>
                <label name='thread' value='0-0'/>
            </labels>
            <parameters>
                <parameter kind='argument' name='browser' value='Safari-14.1.2'/>
            </parameters>
            <steps>
                <step start='1649343973437' status='passed' stop='1649343973437'>
                    <name>"before each" hook for Suite1 - Functional Validation of experience app for Teacher workflow</name>
                    <title>"before each" hook for Suite1 - Functional Validation of experience app for Teacher workflow</title>
                    <attachments/>
                    <steps/>
                </step>
                <step start='1649343973456' status='passed' stop='1649343973456'>
                    <name>"after each" hook for Suite1 - Functional Validation of experience app for Teacher workflow</name>
                    <title>"after each" hook for Suite1 - Functional Validation of experience app for Teacher workflow</title>
                    <attachments/>
                    <steps/>
                </step>
            </steps>
            <attachments/>
            <failure>
                <message>Remove button status mismatch: expected [invalid session id: unknown error] to equal true      
                      actual expected
                      
                      { [invalid session id: unknown error] name: 'invalid session id' }true
                      </message>
                <stack-trace>AssertionError: Remove button status mismatch: expected [invalid session id: unknown error] to equal true
                    at Object.assertEqual (/Users/swatigakhar/Desktop/comprocopy/comprodls-copy/engageAutomation/core/actionLibrary/baseAssertionLibrary.js:30:16)
                    at Object.ENG_DASH_TC_15 (/Users/swatigakhar/Desktop/comprocopy/comprodls-copy/engageAutomation/test/engageExperienceApp/dashboard.test.js:81:19)
                    at specRunner.identifyTest (/Users/swatigakhar/Desktop/comprocopy/comprodls-copy/engageAutomation/test/tempRunner/AcceptanceNew.js:204:34)
                    at Context.&lt;anonymous> (/Users/swatigakhar/Desktop/comprocopy/comprodls-copy/engageAutomation/test/tempRunner/AcceptanceNew.js:132:34)</stack-trace>
            </failure>
        </test-case>
        <test-case start='1649343973456' status='failed' stop='1649343973493'>
            <name>ENG_SHELL_TC_8 Validate that clicking on the profile dropdown launches the dropdown of profile and other options - (P1, Desktop)</name>
            <title>ENG_SHELL_TC_8 Validate that clicking on the profile dropdown launches the dropdown of profile and other options - (P1, Desktop)</title>
            <labels>
                <label name='language' value='javascript'/>
                <label name='framework' value='wdio'/>
                <label name='thread' value='0-0'/>
            </labels>
            <parameters>
                <parameter kind='argument' name='browser' value='Safari-14.1.2'/>
            </parameters>
            <steps>
                <step start='1649343973456' status='passed' stop='1649343973456'>
                    <name>"before each" hook for Suite1 - Functional Validation of experience app for Teacher workflow</name>
                    <title>"before each" hook for Suite1 - Functional Validation of experience app for Teacher workflow</title>
                    <attachments/>
                    <steps/>
                </step>
                <step start='1649343973494' status='passed' stop='1649343973494'>
                    <name>"after each" hook for Suite1 - Functional Validation of experience app for Teacher workflow</name>
                    <title>"after each" hook for Suite1 - Functional Validation of experience app for Teacher workflow</title>
                    <attachments/>
                    <steps/>
                </step>
            </steps>
            <attachments/>
            <failure>
                <message>User Name Text mismatch: expected undefined to equal 'acceptance Teacher'      
                      actual expected
                      
                      undefined'acceptance Teacher'
                      </message>
                <stack-trace>AssertionError: User Name Text mismatch: expected undefined to equal 'acceptance Teacher'
                    at Object.assertEqual (/Users/swatigakhar/Desktop/comprocopy/comprodls-copy/engageAutomation/core/actionLibrary/baseAssertionLibrary.js:30:16)
                    at Object.ENG_SHELL_TC_8 (/Users/swatigakhar/Desktop/comprocopy/comprodls-copy/engageAutomation/test/engageExperienceApp/appShell.test.js:78:14)
                    at specRunner.identifyTest (/Users/swatigakhar/Desktop/comprocopy/comprodls-copy/engageAutomation/test/tempRunner/AcceptanceNew.js:204:34)
                    at Context.&lt;anonymous> (/Users/swatigakhar/Desktop/comprocopy/comprodls-copy/engageAutomation/test/tempRunner/AcceptanceNew.js:132:34)</stack-trace>
            </failure>
        </test-case>
        <test-case start='1649343973494' status='failed' stop='1649343973521'>
            <name>ENG_SHELL_TC_9 Validate that user is able to logout of the application by selecting the logout option from the profile dropdown - (P1, Desktop)</name>
            <title>ENG_SHELL_TC_9 Validate that user is able to logout of the application by selecting the logout option from the profile dropdown - (P1, Desktop)</title>
            <labels>
                <label name='language' value='javascript'/>
                <label name='framework' value='wdio'/>
                <label name='thread' value='0-0'/>
            </labels>
            <parameters>
                <parameter kind='argument' name='browser' value='Safari-14.1.2'/>
            </parameters>
            <steps>
                <step start='1649343973495' status='passed' stop='1649343973495'>
                    <name>"before each" hook for Suite1 - Functional Validation of experience app for Teacher workflow</name>
                    <title>"before each" hook for Suite1 - Functional Validation of experience app for Teacher workflow</title>
                    <attachments/>
                    <steps/>
                </step>
                <step start='1649343973521' status='passed' stop='1649343973521'>
                    <name>"after each" hook for Suite1 - Functional Validation of experience app for Teacher workflow</name>
                    <title>"after each" hook for Suite1 - Functional Validation of experience app for Teacher workflow</title>
                    <attachments/>
                    <steps/>
                </step>
            </steps>
            <attachments/>
            <failure>
                <message>Landing page status mismatch: expected undefined to equal true      
                      actual expected
                      
                      undefinedtrue
                      </message>
                <stack-trace>AssertionError: Landing page status mismatch: expected undefined to equal true
                    at Object.assertEqual (/Users/swatigakhar/Desktop/comprocopy/comprodls-copy/engageAutomation/core/actionLibrary/baseAssertionLibrary.js:30:16)
                    at Object.ENG_SHELL_TC_9 (/Users/swatigakhar/Desktop/comprocopy/comprodls-copy/engageAutomation/test/engageExperienceApp/appShell.test.js:89:13)
                    at specRunner.identifyTest (/Users/swatigakhar/Desktop/comprocopy/comprodls-copy/engageAutomation/test/tempRunner/AcceptanceNew.js:204:34)
                    at Context.&lt;anonymous> (/Users/swatigakhar/Desktop/comprocopy/comprodls-copy/engageAutomation/test/tempRunner/AcceptanceNew.js:132:34)</stack-trace>
            </failure>
        </test-case>
    </test-cases>
</ns2:test-suite>