<?xml version='1.0'?>
<ns2:test-suite xmlns:ns2='urn:model.allure.qatools.yandex.ru' start='1649068867086' stop='1649068872766'>
    <name>Suite2 - Validation of Landing Page Features and Content (Spanish)</name>
    <title>Suite2 - Validation of Landing Page Features and Content (Spanish)</title>
    <test-cases>
        <test-case start='1649068869484' status='passed' stop='1649068872406'>
            <name>ENG_LAND_TC_4 Validate that user is able to change the language of the page from the language drop down - (P1)</name>
            <title>ENG_LAND_TC_4 Validate that user is able to change the language of the page from the language drop down - (P1)</title>
            <labels>
                <label name='language' value='javascript'/>
                <label name='framework' value='wdio'/>
                <label name='thread' value='0-0'/>
            </labels>
            <parameters>
                <parameter kind='argument' name='browser' value='Safari-14.1.2'/>
            </parameters>
            <steps>
                <step start='1649068869484' status='passed' stop='1649068869485'>
                    <name>"before each" hook for Suite2 - Validation of Landing Page Features and Content (Spanish)</name>
                    <title>"before each" hook for Suite2 - Validation of Landing Page Features and Content (Spanish)</title>
                    <attachments/>
                    <steps/>
                </step>
                <step start='1649068872406' status='passed' stop='1649068872407'>
                    <name>"after each" hook for Suite2 - Validation of Landing Page Features and Content (Spanish)</name>
                    <title>"after each" hook for Suite2 - Validation of Landing Page Features and Content (Spanish)</title>
                    <attachments/>
                    <steps/>
                </step>
            </steps>
            <attachments>
                <attachment title='Screenshot' source='07f2b238-c2ef-486b-86d3-83373f731569-attachment.png' type='image/png' size='404334'/>
                <attachment title='Screenshot' source='95656834-8813-40d5-9948-43a4cc14873e-attachment.png' type='image/png' size='422812'/>
                <attachment title='Screenshot' source='230916d7-4ffd-45ba-92ab-fc8b17874bb1-attachment.png' type='image/png' size='419891'/>
            </attachments>
        </test-case>
        <test-case start='1649068872407' status='failed' stop='1649068872764'>
            <name>ENG_LAND_TC_5 Validate the content of the landing page (in English) - (P2)</name>
            <title>ENG_LAND_TC_5 Validate the content of the landing page (in English) - (P2)</title>
            <labels>
                <label name='language' value='javascript'/>
                <label name='framework' value='wdio'/>
                <label name='thread' value='0-0'/>
            </labels>
            <parameters>
                <parameter kind='argument' name='browser' value='Safari-14.1.2'/>
            </parameters>
            <steps>
                <step start='1649068872408' status='passed' stop='1649068872408'>
                    <name>"before each" hook for Suite2 - Validation of Landing Page Features and Content (Spanish)</name>
                    <title>"before each" hook for Suite2 - Validation of Landing Page Features and Content (Spanish)</title>
                    <attachments/>
                    <steps/>
                </step>
                <step start='1649068872765' status='passed' stop='1649068872765'>
                    <name>"after each" hook for Suite2 - Validation of Landing Page Features and Content (Spanish)</name>
                    <title>"after each" hook for Suite2 - Validation of Landing Page Features and Content (Spanish)</title>
                    <attachments/>
                    <steps/>
                </step>
            </steps>
            <attachments>
                <attachment title='Screenshot' source='32876879-198c-4152-91ab-05917622c464-attachment.png' type='image/png' size='419265'/>
            </attachments>
            <failure>
                <message>Footer label text mismatch: expected 'Desarrollada por ' to equal 'Desarrollada por'      
                      actual expected
                      
                      'Desarrollada por '
                      </message>
                <stack-trace>AssertionError: Footer label text mismatch: expected 'Desarrollada por ' to equal 'Desarrollada por'
                    at Object.assertEqual (/Users/swatigakhar/Desktop/comprocopy/comprodls-copy/engageAutomation/core/actionLibrary/baseAssertionLibrary.js:30:16)
                    at Object.ENG_LAND_TC_5 (/Users/swatigakhar/Desktop/comprocopy/comprodls-copy/engageAutomation/test/engageExperienceApp/landing.test.js:38:13)
                    at specRunner.identifyTest (/Users/swatigakhar/Desktop/comprocopy/comprodls-copy/engageAutomation/test/tempRunner/landingTest.js:204:34)
                    at Context.&lt;anonymous> (/Users/swatigakhar/Desktop/comprocopy/comprodls-copy/engageAutomation/test/tempRunner/landingTest.js:132:34)</stack-trace>
            </failure>
        </test-case>
    </test-cases>
</ns2:test-suite>