<?xml version='1.0'?>
<ns2:test-suite xmlns:ns2='urn:model.allure.qatools.yandex.ru' start='1649338110843' stop='1649338225581'>
    <name>Suite1 - Functional Validation of experience app for Teacher workflow</name>
    <title>Suite1 - Functional Validation of experience app for Teacher workflow</title>
    <test-cases>
        <test-case start='1649338113589' status='passed' stop='1649338116467'>
            <name>ENG_LAND_TC_3 Validate that the sign in page is launched on clicking the "Log in" button - (P1)</name>
            <title>ENG_LAND_TC_3 Validate that the sign in page is launched on clicking the "Log in" button - (P1)</title>
            <labels>
                <label name='language' value='javascript'/>
                <label name='framework' value='wdio'/>
                <label name='thread' value='0-0'/>
            </labels>
            <parameters>
                <parameter kind='argument' name='browser' value='Safari-14.1.2'/>
            </parameters>
            <steps>
                <step start='1649338113591' status='passed' stop='1649338113592'>
                    <name>"before each" hook for Suite1 - Functional Validation of experience app for Teacher workflow</name>
                    <title>"before each" hook for Suite1 - Functional Validation of experience app for Teacher workflow</title>
                    <attachments/>
                    <steps/>
                </step>
                <step start='1649338116467' status='passed' stop='1649338116467'>
                    <name>"after each" hook for Suite1 - Functional Validation of experience app for Teacher workflow</name>
                    <title>"after each" hook for Suite1 - Functional Validation of experience app for Teacher workflow</title>
                    <attachments/>
                    <steps/>
                </step>
            </steps>
            <attachments>
                <attachment title='Screenshot' source='1ad44277-76c7-40d7-9651-3393725d1e38-attachment.png' type='image/png' size='404314'/>
                <attachment title='Screenshot' source='da556079-33a7-4d0d-9936-6095d87e959e-attachment.png' type='image/png' size='293527'/>
            </attachments>
        </test-case>
        <test-case start='1649338116467' status='passed' stop='1649338126370'>
            <name>ENG_IDEN_TC_7 Validate that the user is able to login successfully with an existing account - ()</name>
            <title>ENG_IDEN_TC_7 Validate that the user is able to login successfully with an existing account - ()</title>
            <labels>
                <label name='language' value='javascript'/>
                <label name='framework' value='wdio'/>
                <label name='thread' value='0-0'/>
            </labels>
            <parameters>
                <parameter kind='argument' name='browser' value='Safari-14.1.2'/>
            </parameters>
            <steps>
                <step start='1649338116468' status='passed' stop='1649338116468'>
                    <name>"before each" hook for Suite1 - Functional Validation of experience app for Teacher workflow</name>
                    <title>"before each" hook for Suite1 - Functional Validation of experience app for Teacher workflow</title>
                    <attachments/>
                    <steps/>
                </step>
                <step start='1649338126370' status='passed' stop='1649338126370'>
                    <name>"after each" hook for Suite1 - Functional Validation of experience app for Teacher workflow</name>
                    <title>"after each" hook for Suite1 - Functional Validation of experience app for Teacher workflow</title>
                    <attachments/>
                    <steps/>
                </step>
            </steps>
            <attachments>
                <attachment title='Screenshot' source='adc9dfe4-fb7f-41f5-b8a8-aa252a7ef42d-attachment.png' type='image/png' size='298570'/>
                <attachment title='Screenshot' source='0765e7b4-eef8-4156-b157-91dfc40f3011-attachment.png' type='image/png' size='665878'/>
            </attachments>
        </test-case>
        <test-case start='1649338126370' status='passed' stop='1649338127070'>
            <name>ENG_DASH_TC_1 Validate the content of the blank Dashboard page in English Language - (P2)</name>
            <title>ENG_DASH_TC_1 Validate the content of the blank Dashboard page in English Language - (P2)</title>
            <labels>
                <label name='language' value='javascript'/>
                <label name='framework' value='wdio'/>
                <label name='thread' value='0-0'/>
            </labels>
            <parameters>
                <parameter kind='argument' name='browser' value='Safari-14.1.2'/>
            </parameters>
            <steps>
                <step start='1649338126371' status='passed' stop='1649338126372'>
                    <name>"before each" hook for Suite1 - Functional Validation of experience app for Teacher workflow</name>
                    <title>"before each" hook for Suite1 - Functional Validation of experience app for Teacher workflow</title>
                    <attachments/>
                    <steps/>
                </step>
                <step start='1649338127071' status='passed' stop='1649338127071'>
                    <name>"after each" hook for Suite1 - Functional Validation of experience app for Teacher workflow</name>
                    <title>"after each" hook for Suite1 - Functional Validation of experience app for Teacher workflow</title>
                    <attachments/>
                    <steps/>
                </step>
            </steps>
            <attachments>
                <attachment title='Screenshot' source='f3138816-eed5-435a-b38d-d5f9f0ae5de9-attachment.png' type='image/png' size='665878'/>
            </attachments>
        </test-case>
        <test-case start='1649338127071' status='passed' stop='1649338128816'>
            <name>ENG_DASH_TC_7 Validate that clicking on 'Add Book' button, book list page is launched to select books to add - (P1)</name>
            <title>ENG_DASH_TC_7 Validate that clicking on 'Add Book' button, book list page is launched to select books to add - (P1)</title>
            <labels>
                <label name='language' value='javascript'/>
                <label name='framework' value='wdio'/>
                <label name='thread' value='0-0'/>
            </labels>
            <parameters>
                <parameter kind='argument' name='browser' value='Safari-14.1.2'/>
            </parameters>
            <steps>
                <step start='1649338127073' status='passed' stop='1649338127073'>
                    <name>"before each" hook for Suite1 - Functional Validation of experience app for Teacher workflow</name>
                    <title>"before each" hook for Suite1 - Functional Validation of experience app for Teacher workflow</title>
                    <attachments/>
                    <steps/>
                </step>
                <step start='1649338128816' status='passed' stop='1649338128816'>
                    <name>"after each" hook for Suite1 - Functional Validation of experience app for Teacher workflow</name>
                    <title>"after each" hook for Suite1 - Functional Validation of experience app for Teacher workflow</title>
                    <attachments/>
                    <steps/>
                </step>
            </steps>
            <attachments>
                <attachment title='Screenshot' source='23b2801e-895f-4a9e-a595-ca2fd2588bf8-attachment.png' type='image/png' size='665878'/>
                <attachment title='Screenshot' source='02e6e0ba-9acb-4979-a641-3cd541a6f732-attachment.png' type='image/png' size='1478920'/>
            </attachments>
        </test-case>
        <test-case start='1649338128817' status='passed' stop='1649338130199'>
            <name>ENG_GLOB_TC_28 Validate that searching can be done on basis of resource name - (P1, Desktop)</name>
            <title>ENG_GLOB_TC_28 Validate that searching can be done on basis of resource name - (P1, Desktop)</title>
            <labels>
                <label name='language' value='javascript'/>
                <label name='framework' value='wdio'/>
                <label name='thread' value='0-0'/>
            </labels>
            <parameters>
                <parameter kind='argument' name='browser' value='Safari-14.1.2'/>
            </parameters>
            <steps>
                <step start='1649338128817' status='passed' stop='1649338128817'>
                    <name>"before each" hook for Suite1 - Functional Validation of experience app for Teacher workflow</name>
                    <title>"before each" hook for Suite1 - Functional Validation of experience app for Teacher workflow</title>
                    <attachments/>
                    <steps/>
                </step>
                <step start='1649338130200' status='passed' stop='1649338130201'>
                    <name>"after each" hook for Suite1 - Functional Validation of experience app for Teacher workflow</name>
                    <title>"after each" hook for Suite1 - Functional Validation of experience app for Teacher workflow</title>
                    <attachments/>
                    <steps/>
                </step>
            </steps>
            <attachments>
                <attachment title='Screenshot' source='6efef6a5-faaf-4e24-b80d-aad30028932a-attachment.png' type='image/png' size='460900'/>
            </attachments>
        </test-case>
        <test-case start='1649338130201' status='passed' stop='1649338131024'>
            <name>ENG_GLOB_TC_58 Validate that clicking on '+' button adds the book to My Books - (P1, Desktop)</name>
            <title>ENG_GLOB_TC_58 Validate that clicking on '+' button adds the book to My Books - (P1, Desktop)</title>
            <labels>
                <label name='language' value='javascript'/>
                <label name='framework' value='wdio'/>
                <label name='thread' value='0-0'/>
            </labels>
            <parameters>
                <parameter kind='argument' name='browser' value='Safari-14.1.2'/>
            </parameters>
            <steps>
                <step start='1649338130202' status='passed' stop='1649338130202'>
                    <name>"before each" hook for Suite1 - Functional Validation of experience app for Teacher workflow</name>
                    <title>"before each" hook for Suite1 - Functional Validation of experience app for Teacher workflow</title>
                    <attachments/>
                    <steps/>
                </step>
                <step start='1649338131024' status='passed' stop='1649338131025'>
                    <name>"after each" hook for Suite1 - Functional Validation of experience app for Teacher workflow</name>
                    <title>"after each" hook for Suite1 - Functional Validation of experience app for Teacher workflow</title>
                    <attachments/>
                    <steps/>
                </step>
            </steps>
            <attachments>
                <attachment title='Screenshot' source='824f02de-be6b-4343-8ecd-c4c1fe2ddc4c-attachment.png' type='image/png' size='460900'/>
                <attachment title='Screenshot' source='726d8cec-f6b7-4353-af28-40ff91a073e2-attachment.png' type='image/png' size='460313'/>
            </attachments>
        </test-case>
        <test-case start='1649338131025' status='passed' stop='1649338133675'>
            <name>ENG_SHELL_TC_4 Validate that clicking on the Classes button in the left navigation pane launches Classes List  page - (P1, Desktop)</name>
            <title>ENG_SHELL_TC_4 Validate that clicking on the Classes button in the left navigation pane launches Classes List  page - (P1, Desktop)</title>
            <labels>
                <label name='language' value='javascript'/>
                <label name='framework' value='wdio'/>
                <label name='thread' value='0-0'/>
            </labels>
            <parameters>
                <parameter kind='argument' name='browser' value='Safari-14.1.2'/>
            </parameters>
            <steps>
                <step start='1649338131026' status='passed' stop='1649338131026'>
                    <name>"before each" hook for Suite1 - Functional Validation of experience app for Teacher workflow</name>
                    <title>"before each" hook for Suite1 - Functional Validation of experience app for Teacher workflow</title>
                    <attachments/>
                    <steps/>
                </step>
                <step start='1649338133675' status='passed' stop='1649338133675'>
                    <name>"after each" hook for Suite1 - Functional Validation of experience app for Teacher workflow</name>
                    <title>"after each" hook for Suite1 - Functional Validation of experience app for Teacher workflow</title>
                    <attachments/>
                    <steps/>
                </step>
            </steps>
            <attachments>
                <attachment title='Screenshot' source='0c9260c5-a397-490a-8fe3-b50fd8585dee-attachment.png' type='image/png' size='460313'/>
                <attachment title='Screenshot' source='5adf9fc9-7803-41bb-9b60-efd2f94c0a3a-attachment.png' type='image/png' size='459019'/>
            </attachments>
        </test-case>
        <test-case start='1649338133676' status='failed' stop='1649338133883'>
            <name>ENG_INS_CLASS_TC_7 Validate that on clicking a Class card on the My Classes Page, Class Dashboard is launched for that class - (P1)</name>
            <title>ENG_INS_CLASS_TC_7 Validate that on clicking a Class card on the My Classes Page, Class Dashboard is launched for that class - (P1)</title>
            <labels>
                <label name='language' value='javascript'/>
                <label name='framework' value='wdio'/>
                <label name='thread' value='0-0'/>
            </labels>
            <parameters>
                <parameter kind='argument' name='browser' value='Safari-14.1.2'/>
            </parameters>
            <steps>
                <step start='1649338133677' status='passed' stop='1649338133677'>
                    <name>"before each" hook for Suite1 - Functional Validation of experience app for Teacher workflow</name>
                    <title>"before each" hook for Suite1 - Functional Validation of experience app for Teacher workflow</title>
                    <attachments/>
                    <steps/>
                </step>
                <step start='1649338133883' status='passed' stop='1649338133884'>
                    <name>"after each" hook for Suite1 - Functional Validation of experience app for Teacher workflow</name>
                    <title>"after each" hook for Suite1 - Functional Validation of experience app for Teacher workflow</title>
                    <attachments/>
                    <steps/>
                </step>
            </steps>
            <attachments>
                <attachment title='Screenshot' source='7ff1adc7-e8c9-41cf-92ad-8d4d9c4754ca-attachment.png' type='image/png' size='459019'/>
            </attachments>
            <failure>
                <message>Class Details page is not launched: expected 'ERROR! No class found with name acceptanceClass !!' to equal true      
                      actual expected
                      
                      'ERROR! No class found with name acceptanceClass !!'true
                      </message>
                <stack-trace>AssertionError: Class Details page is not launched: expected 'ERROR! No class found with name acceptanceClass !!' to equal true
                    at Object.assertEqual (/Users/swatigakhar/Desktop/comprocopy/comprodls-copy/engageAutomation/core/actionLibrary/baseAssertionLibrary.js:30:16)
                    at Object.ENG_INS_CLASS_TC_7 (/Users/swatigakhar/Desktop/comprocopy/comprodls-copy/engageAutomation/test/engageExperienceApp/classDashboard.test.js:141:13)
                    at specRunner.identifyTest (/Users/swatigakhar/Desktop/comprocopy/comprodls-copy/engageAutomation/test/tempRunner/AcceptanceNew.js:204:34)
                    at Context.&lt;anonymous> (/Users/swatigakhar/Desktop/comprocopy/comprodls-copy/engageAutomation/test/tempRunner/AcceptanceNew.js:132:34)</stack-trace>
            </failure>
        </test-case>
        <test-case start='1649338133884' status='failed' stop='1649338194262'>
            <name>ENG_INS_CLASS_TC_44 Validate book details is launched after clicking on View Book button - (P1)</name>
            <title>ENG_INS_CLASS_TC_44 Validate book details is launched after clicking on View Book button - (P1)</title>
            <labels>
                <label name='language' value='javascript'/>
                <label name='framework' value='wdio'/>
                <label name='thread' value='0-0'/>
            </labels>
            <parameters>
                <parameter kind='argument' name='browser' value='Safari-14.1.2'/>
            </parameters>
            <steps>
                <step start='1649338133885' status='passed' stop='1649338133885'>
                    <name>"before each" hook for Suite1 - Functional Validation of experience app for Teacher workflow</name>
                    <title>"before each" hook for Suite1 - Functional Validation of experience app for Teacher workflow</title>
                    <attachments/>
                    <steps/>
                </step>
                <step start='1649338194264' status='passed' stop='1649338194265'>
                    <name>"after each" hook for Suite1 - Functional Validation of experience app for Teacher workflow</name>
                    <title>"after each" hook for Suite1 - Functional Validation of experience app for Teacher workflow</title>
                    <attachments/>
                    <steps/>
                </step>
            </steps>
            <attachments>
                <attachment title='Screenshot' source='5d6527da-02af-4774-b7c0-88424ae0c5fa-attachment.png' type='image/png' size='459019'/>
                <attachment title='Screenshot' source='cb207d74-e297-4e72-b587-1eba87292d62-attachment.png' type='image/png' size='463041'/>
            </attachments>
            <failure>
                <message>View book page status mismatch: expected undefined to equal true      
                      actual expected
                      
                      undefinedtrue
                      </message>
                <stack-trace>AssertionError: View book page status mismatch: expected undefined to equal true
                    at Object.assertEqual (/Users/swatigakhar/Desktop/comprocopy/comprodls-copy/engageAutomation/core/actionLibrary/baseAssertionLibrary.js:30:16)
                    at Object.ENG_INS_CLASS_TC_44 (/Users/swatigakhar/Desktop/comprocopy/comprodls-copy/engageAutomation/test/engageExperienceApp/classDashboard.test.js:501:13)
                    at specRunner.identifyTest (/Users/swatigakhar/Desktop/comprocopy/comprodls-copy/engageAutomation/test/tempRunner/AcceptanceNew.js:204:34)
                    at Context.&lt;anonymous> (/Users/swatigakhar/Desktop/comprocopy/comprodls-copy/engageAutomation/test/tempRunner/AcceptanceNew.js:132:34)</stack-trace>
            </failure>
        </test-case>
        <test-case start='1649338194266' status='failed' stop='1649338194428'>
            <name>ENG_BOOK_TC_10 Validate clicking on a component displays the units asscoiated with the component - (P1)</name>
            <title>ENG_BOOK_TC_10 Validate clicking on a component displays the units asscoiated with the component - (P1)</title>
            <labels>
                <label name='language' value='javascript'/>
                <label name='framework' value='wdio'/>
                <label name='thread' value='0-0'/>
            </labels>
            <parameters>
                <parameter kind='argument' name='browser' value='Safari-14.1.2'/>
            </parameters>
            <steps>
                <step start='1649338194267' status='passed' stop='1649338194268'>
                    <name>"before each" hook for Suite1 - Functional Validation of experience app for Teacher workflow</name>
                    <title>"before each" hook for Suite1 - Functional Validation of experience app for Teacher workflow</title>
                    <attachments/>
                    <steps/>
                </step>
                <step start='1649338194428' status='passed' stop='1649338194429'>
                    <name>"after each" hook for Suite1 - Functional Validation of experience app for Teacher workflow</name>
                    <title>"after each" hook for Suite1 - Functional Validation of experience app for Teacher workflow</title>
                    <attachments/>
                    <steps/>
                </step>
            </steps>
            <attachments>
                <attachment title='Screenshot' source='2b1cf44d-3136-4b10-9956-533ce0d0943c-attachment.png' type='image/png' size='463041'/>
            </attachments>
            <failure>
                <message>Tab not selected: expected false to equal true      
                      actual expected
                      
                      falsetrue
                      </message>
                <stack-trace>AssertionError: Tab not selected: expected false to equal true
                    at Object.assertEqual (/Users/swatigakhar/Desktop/comprocopy/comprodls-copy/engageAutomation/core/actionLibrary/baseAssertionLibrary.js:30:16)
                    at Object.ENG_BOOK_TC_10 (/Users/swatigakhar/Desktop/comprocopy/comprodls-copy/engageAutomation/test/engageExperienceApp/viewBook.test.js:66:19)
                    at specRunner.identifyTest (/Users/swatigakhar/Desktop/comprocopy/comprodls-copy/engageAutomation/test/tempRunner/AcceptanceNew.js:204:34)
                    at Context.&lt;anonymous> (/Users/swatigakhar/Desktop/comprocopy/comprodls-copy/engageAutomation/test/tempRunner/AcceptanceNew.js:132:34)</stack-trace>
            </failure>
        </test-case>
        <test-case start='1649338194429' status='failed' stop='1649338194554'>
            <name>ENG_BOOK_TC_19 Validate clicking on a unit launches the unit detail view page. - (P1)</name>
            <title>ENG_BOOK_TC_19 Validate clicking on a unit launches the unit detail view page. - (P1)</title>
            <labels>
                <label name='language' value='javascript'/>
                <label name='framework' value='wdio'/>
                <label name='thread' value='0-0'/>
            </labels>
            <parameters>
                <parameter kind='argument' name='browser' value='Safari-14.1.2'/>
            </parameters>
            <steps>
                <step start='1649338194430' status='passed' stop='1649338194430'>
                    <name>"before each" hook for Suite1 - Functional Validation of experience app for Teacher workflow</name>
                    <title>"before each" hook for Suite1 - Functional Validation of experience app for Teacher workflow</title>
                    <attachments/>
                    <steps/>
                </step>
                <step start='1649338194555' status='passed' stop='1649338194555'>
                    <name>"after each" hook for Suite1 - Functional Validation of experience app for Teacher workflow</name>
                    <title>"after each" hook for Suite1 - Functional Validation of experience app for Teacher workflow</title>
                    <attachments/>
                    <steps/>
                </step>
            </steps>
            <attachments>
                <attachment title='Screenshot' source='7d02f5ee-16f6-4427-9bc8-499ee072445e-attachment.png' type='image/png' size='463041'/>
            </attachments>
            <failure>
                <message>View Unit page status mismatch: expected undefined to equal true      
                      actual expected
                      
                      undefinedtrue
                      </message>
                <stack-trace>AssertionError: View Unit page status mismatch: expected undefined to equal true
                    at Object.assertEqual (/Users/swatigakhar/Desktop/comprocopy/comprodls-copy/engageAutomation/core/actionLibrary/baseAssertionLibrary.js:30:16)
                    at Object.ENG_BOOK_TC_19 (/Users/swatigakhar/Desktop/comprocopy/comprodls-copy/engageAutomation/test/engageExperienceApp/viewBook.test.js:126:19)
                    at specRunner.identifyTest (/Users/swatigakhar/Desktop/comprocopy/comprodls-copy/engageAutomation/test/tempRunner/AcceptanceNew.js:204:34)
                    at Context.&lt;anonymous> (/Users/swatigakhar/Desktop/comprocopy/comprodls-copy/engageAutomation/test/tempRunner/AcceptanceNew.js:132:34)</stack-trace>
            </failure>
        </test-case>
        <test-case start='1649338194555' status='failed' stop='1649338224632'>
            <name>ENG_BOOK_TC_21 Validate that clicking on Activity on unit detail view page launches the activity - (P1)</name>
            <title>ENG_BOOK_TC_21 Validate that clicking on Activity on unit detail view page launches the activity - (P1)</title>
            <labels>
                <label name='language' value='javascript'/>
                <label name='framework' value='wdio'/>
                <label name='thread' value='0-0'/>
            </labels>
            <parameters>
                <parameter kind='argument' name='browser' value='Safari-14.1.2'/>
            </parameters>
            <steps>
                <step start='1649338194555' status='passed' stop='1649338194555'>
                    <name>"before each" hook for Suite1 - Functional Validation of experience app for Teacher workflow</name>
                    <title>"before each" hook for Suite1 - Functional Validation of experience app for Teacher workflow</title>
                    <attachments/>
                    <steps/>
                </step>
                <step start='1649338224632' status='passed' stop='1649338224633'>
                    <name>"after each" hook for Suite1 - Functional Validation of experience app for Teacher workflow</name>
                    <title>"after each" hook for Suite1 - Functional Validation of experience app for Teacher workflow</title>
                    <attachments/>
                    <steps/>
                </step>
            </steps>
            <attachments/>
            <failure>
                <message>Activity Not Clicked: expected false to equal true      
                      actual expected
                      
                      falsetrue
                      </message>
                <stack-trace>AssertionError: Activity Not Clicked: expected false to equal true
                    at Object.assertEqual (/Users/swatigakhar/Desktop/comprocopy/comprodls-copy/engageAutomation/core/actionLibrary/baseAssertionLibrary.js:30:16)
                    at Object.ENG_BOOK_TC_21 (/Users/swatigakhar/Desktop/comprocopy/comprodls-copy/engageAutomation/test/engageExperienceApp/viewUnit.test.js:17:19)
                    at specRunner.identifyTest (/Users/swatigakhar/Desktop/comprocopy/comprodls-copy/engageAutomation/test/tempRunner/AcceptanceNew.js:204:34)
                    at Context.&lt;anonymous> (/Users/swatigakhar/Desktop/comprocopy/comprodls-copy/engageAutomation/test/tempRunner/AcceptanceNew.js:132:34)</stack-trace>
            </failure>
        </test-case>
        <test-case start='1649338224633' status='failed' stop='1649338224690'>
            <name>ENG_PLAY_TC_1 Validate testplayer when a question is launched - (P1)</name>
            <title>ENG_PLAY_TC_1 Validate testplayer when a question is launched - (P1)</title>
            <labels>
                <label name='language' value='javascript'/>
                <label name='framework' value='wdio'/>
                <label name='thread' value='0-0'/>
            </labels>
            <parameters>
                <parameter kind='argument' name='browser' value='Safari-14.1.2'/>
            </parameters>
            <steps>
                <step start='1649338224633' status='passed' stop='1649338224633'>
                    <name>"before each" hook for Suite1 - Functional Validation of experience app for Teacher workflow</name>
                    <title>"before each" hook for Suite1 - Functional Validation of experience app for Teacher workflow</title>
                    <attachments/>
                    <steps/>
                </step>
                <step start='1649338224690' status='passed' stop='1649338224691'>
                    <name>"after each" hook for Suite1 - Functional Validation of experience app for Teacher workflow</name>
                    <title>"after each" hook for Suite1 - Functional Validation of experience app for Teacher workflow</title>
                    <attachments/>
                    <steps/>
                </step>
            </steps>
            <attachments/>
            <failure>
                <message>Activity submission status mismatch: expected undefined to equal false</message>
                <stack-trace>AssertionError: Activity submission status mismatch: expected undefined to equal false
                    at Object.assertEqual (/Users/swatigakhar/Desktop/comprocopy/comprodls-copy/engageAutomation/core/actionLibrary/baseAssertionLibrary.js:30:16)
                    at Object.ENG_PLAY_TC_1 (/Users/swatigakhar/Desktop/comprocopy/comprodls-copy/engageAutomation/test/engageExperienceApp/activityPlayer.test.js:11:13)
                    at specRunner.identifyTest (/Users/swatigakhar/Desktop/comprocopy/comprodls-copy/engageAutomation/test/tempRunner/AcceptanceNew.js:204:34)
                    at Context.&lt;anonymous> (/Users/swatigakhar/Desktop/comprocopy/comprodls-copy/engageAutomation/test/tempRunner/AcceptanceNew.js:132:34)</stack-trace>
            </failure>
        </test-case>
        <test-case start='1649338224698' status='failed' stop='1649338224760'>
            <name>ENG_ITEM_MMCQ_TC_1 Validate the Multi MCSR question launch in default unattempted state - (P3)</name>
            <title>ENG_ITEM_MMCQ_TC_1 Validate the Multi MCSR question launch in default unattempted state - (P3)</title>
            <labels>
                <label name='language' value='javascript'/>
                <label name='framework' value='wdio'/>
                <label name='thread' value='0-0'/>
            </labels>
            <parameters>
                <parameter kind='argument' name='browser' value='Safari-14.1.2'/>
            </parameters>
            <steps>
                <step start='1649338224698' status='passed' stop='1649338224698'>
                    <name>"before each" hook for Suite1 - Functional Validation of experience app for Teacher workflow</name>
                    <title>"before each" hook for Suite1 - Functional Validation of experience app for Teacher workflow</title>
                    <attachments/>
                    <steps/>
                </step>
                <step start='1649338224761' status='passed' stop='1649338224761'>
                    <name>"after each" hook for Suite1 - Functional Validation of experience app for Teacher workflow</name>
                    <title>"after each" hook for Suite1 - Functional Validation of experience app for Teacher workflow</title>
                    <attachments/>
                    <steps/>
                </step>
            </steps>
            <attachments/>
            <failure>
                <message>Multi MCSR question not loaded: expected [invalid session id: unknown error] to equal true      
                      actual expected
                      
                      { [invalid session id: unknown error] name: 'invalid session id' }true
                      </message>
                <stack-trace>AssertionError: Multi MCSR question not loaded: expected [invalid session id: unknown error] to equal true
                    at Object.assertEqual (/Users/swatigakhar/Desktop/comprocopy/comprodls-copy/engageAutomation/core/actionLibrary/baseAssertionLibrary.js:30:16)
                    at Object.ENG_ITEM_MMCQ_TC_1 (/Users/swatigakhar/Desktop/comprocopy/comprodls-copy/engageAutomation/test/engageExperienceApp/multimcq.test.js:10:13)
                    at specRunner.identifyTest (/Users/swatigakhar/Desktop/comprocopy/comprodls-copy/engageAutomation/test/tempRunner/AcceptanceNew.js:204:34)
                    at Context.&lt;anonymous> (/Users/swatigakhar/Desktop/comprocopy/comprodls-copy/engageAutomation/test/tempRunner/AcceptanceNew.js:132:34)</stack-trace>
            </failure>
        </test-case>
        <test-case start='1649338224761' status='failed' stop='1649338224896'>
            <name>ENG_ITEM_MMCQ_TC_2 Validate that the user can select an option in multiple sub-questions while performing the question - (P1)</name>
            <title>ENG_ITEM_MMCQ_TC_2 Validate that the user can select an option in multiple sub-questions while performing the question - (P1)</title>
            <labels>
                <label name='language' value='javascript'/>
                <label name='framework' value='wdio'/>
                <label name='thread' value='0-0'/>
            </labels>
            <parameters>
                <parameter kind='argument' name='browser' value='Safari-14.1.2'/>
            </parameters>
            <steps>
                <step start='1649338224761' status='passed' stop='1649338224761'>
                    <name>"before each" hook for Suite1 - Functional Validation of experience app for Teacher workflow</name>
                    <title>"before each" hook for Suite1 - Functional Validation of experience app for Teacher workflow</title>
                    <attachments/>
                    <steps/>
                </step>
                <step start='1649338224896' status='passed' stop='1649338224896'>
                    <name>"after each" hook for Suite1 - Functional Validation of experience app for Teacher workflow</name>
                    <title>"after each" hook for Suite1 - Functional Validation of experience app for Teacher workflow</title>
                    <attachments/>
                    <steps/>
                </step>
            </steps>
            <attachments/>
            <failure>
                <message>invalid session id: unknown error: expected [invalid session id: unknown error] to equal true      
                      actual expected
                      
                      { [invalid session id: unknown error] name: 'invalid session id' }true
                      </message>
                <stack-trace>AssertionError: invalid session id: unknown error: expected [invalid session id: unknown error] to equal true
                    at Object.assertEqual (/Users/swatigakhar/Desktop/comprocopy/comprodls-copy/engageAutomation/core/actionLibrary/baseAssertionLibrary.js:30:16)
                    at Object.ENG_ITEM_MMCQ_TC_2 (/Users/swatigakhar/Desktop/comprocopy/comprodls-copy/engageAutomation/test/engageExperienceApp/multimcq.test.js:16:13)
                    at specRunner.identifyTest (/Users/swatigakhar/Desktop/comprocopy/comprodls-copy/engageAutomation/test/tempRunner/AcceptanceNew.js:204:34)
                    at Context.&lt;anonymous> (/Users/swatigakhar/Desktop/comprocopy/comprodls-copy/engageAutomation/test/tempRunner/AcceptanceNew.js:132:34)</stack-trace>
            </failure>
        </test-case>
        <test-case start='1649338224896' status='failed' stop='1649338224920'>
            <name>ENG_PLAY_TC_3 Validate testplayer when user click on Check My Work button - (P1)</name>
            <title>ENG_PLAY_TC_3 Validate testplayer when user click on Check My Work button - (P1)</title>
            <labels>
                <label name='language' value='javascript'/>
                <label name='framework' value='wdio'/>
                <label name='thread' value='0-0'/>
            </labels>
            <parameters>
                <parameter kind='argument' name='browser' value='Safari-14.1.2'/>
            </parameters>
            <steps>
                <step start='1649338224896' status='passed' stop='1649338224896'>
                    <name>"before each" hook for Suite1 - Functional Validation of experience app for Teacher workflow</name>
                    <title>"before each" hook for Suite1 - Functional Validation of experience app for Teacher workflow</title>
                    <attachments/>
                    <steps/>
                </step>
                <step start='1649338224920' status='passed' stop='1649338224920'>
                    <name>"after each" hook for Suite1 - Functional Validation of experience app for Teacher workflow</name>
                    <title>"after each" hook for Suite1 - Functional Validation of experience app for Teacher workflow</title>
                    <attachments/>
                    <steps/>
                </step>
            </steps>
            <attachments/>
            <failure>
                <message>checkAnswerBtn status mismatch: expected [invalid session id: unknown error] to equal false      
                      actual expected
                      
                      { [invalid session id: unknown error] name: 'invalid session id' }false
                      </message>
                <stack-trace>AssertionError: checkAnswerBtn status mismatch: expected [invalid session id: unknown error] to equal false
                    at Object.assertEqual (/Users/swatigakhar/Desktop/comprocopy/comprodls-copy/engageAutomation/core/actionLibrary/baseAssertionLibrary.js:30:16)
                    at Object.ENG_PLAY_TC_3 (/Users/swatigakhar/Desktop/comprocopy/comprodls-copy/engageAutomation/test/engageExperienceApp/activityPlayer.test.js:74:13)
                    at specRunner.identifyTest (/Users/swatigakhar/Desktop/comprocopy/comprodls-copy/engageAutomation/test/tempRunner/AcceptanceNew.js:204:34)
                    at Context.&lt;anonymous> (/Users/swatigakhar/Desktop/comprocopy/comprodls-copy/engageAutomation/test/tempRunner/AcceptanceNew.js:132:34)</stack-trace>
            </failure>
        </test-case>
        <test-case start='1649338224920' status='failed' stop='1649338225199'>
            <name>ENG_ITEM_MMCQ_TC_3 Validate MCMR question functionality for Correct scenario - (P1)</name>
            <title>ENG_ITEM_MMCQ_TC_3 Validate MCMR question functionality for Correct scenario - (P1)</title>
            <labels>
                <label name='language' value='javascript'/>
                <label name='framework' value='wdio'/>
                <label name='thread' value='0-0'/>
            </labels>
            <parameters>
                <parameter kind='argument' name='browser' value='Safari-14.1.2'/>
            </parameters>
            <steps>
                <step start='1649338224920' status='passed' stop='1649338224920'>
                    <name>"before each" hook for Suite1 - Functional Validation of experience app for Teacher workflow</name>
                    <title>"before each" hook for Suite1 - Functional Validation of experience app for Teacher workflow</title>
                    <attachments/>
                    <steps/>
                </step>
                <step start='1649338225199' status='passed' stop='1649338225200'>
                    <name>"after each" hook for Suite1 - Functional Validation of experience app for Teacher workflow</name>
                    <title>"after each" hook for Suite1 - Functional Validation of experience app for Teacher workflow</title>
                    <attachments/>
                    <steps/>
                </step>
            </steps>
            <attachments/>
            <failure>
                <message>Multi MCSR 'value' for index 0 is - 1-O1,invalid session id: unknown error,,: expected '' to equal 'correct'      
                      actual expected
                      
                      'correct'
                      </message>
                <stack-trace>AssertionError: Multi MCSR 'value' for index 0 is - 1-O1,invalid session id: unknown error,,: expected '' to equal 'correct'
                    at Object.assertEqual (/Users/swatigakhar/Desktop/comprocopy/comprodls-copy/engageAutomation/core/actionLibrary/baseAssertionLibrary.js:30:16)
                    at Object.ENG_ITEM_MMCQ_TC_3 (/Users/swatigakhar/Desktop/comprocopy/comprodls-copy/engageAutomation/test/engageExperienceApp/multimcq.test.js:24:15)
                    at specRunner.identifyTest (/Users/swatigakhar/Desktop/comprocopy/comprodls-copy/engageAutomation/test/tempRunner/AcceptanceNew.js:204:34)
                    at Context.&lt;anonymous> (/Users/swatigakhar/Desktop/comprocopy/comprodls-copy/engageAutomation/test/tempRunner/AcceptanceNew.js:132:34)</stack-trace>
            </failure>
        </test-case>
        <test-case start='1649338225200' status='passed' stop='1649338225373'>
            <name>ENG_PLAY_TC_10 Validate the activity player when Last question of quiz is launched - ()</name>
            <title>ENG_PLAY_TC_10 Validate the activity player when Last question of quiz is launched - ()</title>
            <labels>
                <label name='language' value='javascript'/>
                <label name='framework' value='wdio'/>
                <label name='thread' value='0-0'/>
            </labels>
            <parameters>
                <parameter kind='argument' name='browser' value='Safari-14.1.2'/>
            </parameters>
            <steps>
                <step start='1649338225200' status='passed' stop='1649338225200'>
                    <name>"before each" hook for Suite1 - Functional Validation of experience app for Teacher workflow</name>
                    <title>"before each" hook for Suite1 - Functional Validation of experience app for Teacher workflow</title>
                    <attachments/>
                    <steps/>
                </step>
                <step start='1649338225373' status='passed' stop='1649338225373'>
                    <name>"after each" hook for Suite1 - Functional Validation of experience app for Teacher workflow</name>
                    <title>"after each" hook for Suite1 - Functional Validation of experience app for Teacher workflow</title>
                    <attachments/>
                    <steps/>
                </step>
            </steps>
            <attachments/>
        </test-case>
        <test-case start='1649338225374' status='failed' stop='1649338225427'>
            <name>ENG_PLAY_TC_8 Validate testplayer when a question is launched for the student - (P1)</name>
            <title>ENG_PLAY_TC_8 Validate testplayer when a question is launched for the student - (P1)</title>
            <labels>
                <label name='language' value='javascript'/>
                <label name='framework' value='wdio'/>
                <label name='thread' value='0-0'/>
            </labels>
            <parameters>
                <parameter kind='argument' name='browser' value='Safari-14.1.2'/>
            </parameters>
            <steps>
                <step start='1649338225374' status='passed' stop='1649338225374'>
                    <name>"before each" hook for Suite1 - Functional Validation of experience app for Teacher workflow</name>
                    <title>"before each" hook for Suite1 - Functional Validation of experience app for Teacher workflow</title>
                    <attachments/>
                    <steps/>
                </step>
                <step start='1649338225427' status='passed' stop='1649338225427'>
                    <name>"after each" hook for Suite1 - Functional Validation of experience app for Teacher workflow</name>
                    <title>"after each" hook for Suite1 - Functional Validation of experience app for Teacher workflow</title>
                    <attachments/>
                    <steps/>
                </step>
            </steps>
            <attachments/>
            <failure>
                <message>submit status mismatch: expected undefined to equal true      
                      actual expected
                      
                      undefinedtrue
                      </message>
                <stack-trace>AssertionError: submit status mismatch: expected undefined to equal true
                    at Object.assertEqual (/Users/swatigakhar/Desktop/comprocopy/comprodls-copy/engageAutomation/core/actionLibrary/baseAssertionLibrary.js:30:16)
                    at Object.ENG_PLAY_TC_8 (/Users/swatigakhar/Desktop/comprocopy/comprodls-copy/engageAutomation/test/engageExperienceApp/activityPlayer.test.js:124:13)
                    at specRunner.identifyTest (/Users/swatigakhar/Desktop/comprocopy/comprodls-copy/engageAutomation/test/tempRunner/AcceptanceNew.js:204:34)
                    at Context.&lt;anonymous> (/Users/swatigakhar/Desktop/comprocopy/comprodls-copy/engageAutomation/test/tempRunner/AcceptanceNew.js:132:34)</stack-trace>
            </failure>
        </test-case>
        <test-case start='1649338225427' status='failed' stop='1649338225452'>
            <name>ENG_SHELL_TC_11 Validate that click on breadcrumb back button on the header launch the previous page - (P1)</name>
            <title>ENG_SHELL_TC_11 Validate that click on breadcrumb back button on the header launch the previous page - (P1)</title>
            <labels>
                <label name='language' value='javascript'/>
                <label name='framework' value='wdio'/>
                <label name='thread' value='0-0'/>
            </labels>
            <parameters>
                <parameter kind='argument' name='browser' value='Safari-14.1.2'/>
            </parameters>
            <steps>
                <step start='1649338225427' status='passed' stop='1649338225427'>
                    <name>"before each" hook for Suite1 - Functional Validation of experience app for Teacher workflow</name>
                    <title>"before each" hook for Suite1 - Functional Validation of experience app for Teacher workflow</title>
                    <attachments/>
                    <steps/>
                </step>
                <step start='1649338225452' status='passed' stop='1649338225452'>
                    <name>"after each" hook for Suite1 - Functional Validation of experience app for Teacher workflow</name>
                    <title>"after each" hook for Suite1 - Functional Validation of experience app for Teacher workflow</title>
                    <attachments/>
                    <steps/>
                </step>
            </steps>
            <attachments/>
            <failure>
                <message>Back button is not clicked: expected [invalid session id: unknown error] to equal true      
                      actual expected
                      
                      { [invalid session id: unknown error] name: 'invalid session id' }true
                      </message>
                <stack-trace>AssertionError: Back button is not clicked: expected [invalid session id: unknown error] to equal true
                    at Object.assertEqual (/Users/swatigakhar/Desktop/comprocopy/comprodls-copy/engageAutomation/core/actionLibrary/baseAssertionLibrary.js:30:16)
                    at Object.ENG_SHELL_TC_11 (/Users/swatigakhar/Desktop/comprocopy/comprodls-copy/engageAutomation/test/engageExperienceApp/appShell.test.js:118:13)
                    at specRunner.identifyTest (/Users/swatigakhar/Desktop/comprocopy/comprodls-copy/engageAutomation/test/tempRunner/AcceptanceNew.js:204:34)
                    at Context.&lt;anonymous> (/Users/swatigakhar/Desktop/comprocopy/comprodls-copy/engageAutomation/test/tempRunner/AcceptanceNew.js:132:34)</stack-trace>
            </failure>
        </test-case>
        <test-case start='1649338225452' status='failed' stop='1649338225479'>
            <name>ENG_SHELL_TC_2 Validate that clicking on the Dashboard button in the left navigation pane launches Dashboard page - (P1, Desktop)</name>
            <title>ENG_SHELL_TC_2 Validate that clicking on the Dashboard button in the left navigation pane launches Dashboard page - (P1, Desktop)</title>
            <labels>
                <label name='language' value='javascript'/>
                <label name='framework' value='wdio'/>
                <label name='thread' value='0-0'/>
            </labels>
            <parameters>
                <parameter kind='argument' name='browser' value='Safari-14.1.2'/>
            </parameters>
            <steps>
                <step start='1649338225452' status='passed' stop='1649338225452'>
                    <name>"before each" hook for Suite1 - Functional Validation of experience app for Teacher workflow</name>
                    <title>"before each" hook for Suite1 - Functional Validation of experience app for Teacher workflow</title>
                    <attachments/>
                    <steps/>
                </step>
                <step start='1649338225479' status='passed' stop='1649338225479'>
                    <name>"after each" hook for Suite1 - Functional Validation of experience app for Teacher workflow</name>
                    <title>"after each" hook for Suite1 - Functional Validation of experience app for Teacher workflow</title>
                    <attachments/>
                    <steps/>
                </step>
            </steps>
            <attachments/>
            <failure>
                <message>Dashboard page status mismatch: expected undefined to equal true      
                      actual expected
                      
                      undefinedtrue
                      </message>
                <stack-trace>AssertionError: Dashboard page status mismatch: expected undefined to equal true
                    at Object.assertEqual (/Users/swatigakhar/Desktop/comprocopy/comprodls-copy/engageAutomation/core/actionLibrary/baseAssertionLibrary.js:30:16)
                    at Object.ENG_SHELL_TC_2 (/Users/swatigakhar/Desktop/comprocopy/comprodls-copy/engageAutomation/test/engageExperienceApp/appShell.test.js:32:13)
                    at specRunner.identifyTest (/Users/swatigakhar/Desktop/comprocopy/comprodls-copy/engageAutomation/test/tempRunner/AcceptanceNew.js:204:34)
                    at Context.&lt;anonymous> (/Users/swatigakhar/Desktop/comprocopy/comprodls-copy/engageAutomation/test/tempRunner/AcceptanceNew.js:132:34)</stack-trace>
            </failure>
        </test-case>
        <test-case start='1649338225479' status='broken' stop='1649338225489'>
            <name>ENG_DASH_TC_12 Validate that clicking on the 3 dots on book details page, launches the option menu with 'Remove from My Books' - (P1)</name>
            <title>ENG_DASH_TC_12 Validate that clicking on the 3 dots on book details page, launches the option menu with 'Remove from My Books' - (P1)</title>
            <labels>
                <label name='language' value='javascript'/>
                <label name='framework' value='wdio'/>
                <label name='thread' value='0-0'/>
            </labels>
            <parameters>
                <parameter kind='argument' name='browser' value='Safari-14.1.2'/>
            </parameters>
            <steps>
                <step start='1649338225479' status='passed' stop='1649338225479'>
                    <name>"before each" hook for Suite1 - Functional Validation of experience app for Teacher workflow</name>
                    <title>"before each" hook for Suite1 - Functional Validation of experience app for Teacher workflow</title>
                    <attachments/>
                    <steps/>
                </step>
                <step start='1649338225489' status='passed' stop='1649338225490'>
                    <name>"after each" hook for Suite1 - Functional Validation of experience app for Teacher workflow</name>
                    <title>"after each" hook for Suite1 - Functional Validation of experience app for Teacher workflow</title>
                    <attachments/>
                    <steps/>
                </step>
            </steps>
            <attachments/>
            <failure>
                <message>Cannot read property 'bookMenu_viewClassOption' of undefined</message>
                <stack-trace>TypeError: Cannot read property 'bookMenu_viewClassOption' of undefined
                    at Object.ENG_DASH_TC_12 (/Users/swatigakhar/Desktop/comprocopy/comprodls-copy/engageAutomation/test/engageExperienceApp/dashboard.test.js:55:35)
                    at specRunner.identifyTest (/Users/swatigakhar/Desktop/comprocopy/comprodls-copy/engageAutomation/test/tempRunner/AcceptanceNew.js:204:34)
                    at Context.&lt;anonymous> (/Users/swatigakhar/Desktop/comprocopy/comprodls-copy/engageAutomation/test/tempRunner/AcceptanceNew.js:132:34)</stack-trace>
            </failure>
        </test-case>
        <test-case start='1649338225490' status='failed' stop='1649338225513'>
            <name>ENG_DASH_TC_13 Validate that clicking on 'Remove from My Books' launches a pop up with label 'Remove from My Books?' - (P1)</name>
            <title>ENG_DASH_TC_13 Validate that clicking on 'Remove from My Books' launches a pop up with label 'Remove from My Books?' - (P1)</title>
            <labels>
                <label name='language' value='javascript'/>
                <label name='framework' value='wdio'/>
                <label name='thread' value='0-0'/>
            </labels>
            <parameters>
                <parameter kind='argument' name='browser' value='Safari-14.1.2'/>
            </parameters>
            <steps>
                <step start='1649338225490' status='passed' stop='1649338225490'>
                    <name>"before each" hook for Suite1 - Functional Validation of experience app for Teacher workflow</name>
                    <title>"before each" hook for Suite1 - Functional Validation of experience app for Teacher workflow</title>
                    <attachments/>
                    <steps/>
                </step>
                <step start='1649338225513' status='passed' stop='1649338225513'>
                    <name>"after each" hook for Suite1 - Functional Validation of experience app for Teacher workflow</name>
                    <title>"after each" hook for Suite1 - Functional Validation of experience app for Teacher workflow</title>
                    <attachments/>
                    <steps/>
                </step>
            </steps>
            <attachments/>
            <failure>
                <message>Menu Remove Title status mismatch: expected undefined to equal 'Remove from My Books?'      
                      actual expected
                      
                      undefined'Remove from My Books?'
                      </message>
                <stack-trace>AssertionError: Menu Remove Title status mismatch: expected undefined to equal 'Remove from My Books?'
                    at Object.assertEqual (/Users/swatigakhar/Desktop/comprocopy/comprodls-copy/engageAutomation/core/actionLibrary/baseAssertionLibrary.js:30:16)
                    at Object.ENG_DASH_TC_13 (/Users/swatigakhar/Desktop/comprocopy/comprodls-copy/engageAutomation/test/engageExperienceApp/dashboard.test.js:65:19)
                    at specRunner.identifyTest (/Users/swatigakhar/Desktop/comprocopy/comprodls-copy/engageAutomation/test/tempRunner/AcceptanceNew.js:204:34)
                    at Context.&lt;anonymous> (/Users/swatigakhar/Desktop/comprocopy/comprodls-copy/engageAutomation/test/tempRunner/AcceptanceNew.js:132:34)</stack-trace>
            </failure>
        </test-case>
        <test-case start='1649338225513' status='failed' stop='1649338225536'>
            <name>ENG_DASH_TC_15 Validate that clicking on 'Remove' removes the book from 'My List' - (P1)</name>
            <title>ENG_DASH_TC_15 Validate that clicking on 'Remove' removes the book from 'My List' - (P1)</title>
            <labels>
                <label name='language' value='javascript'/>
                <label name='framework' value='wdio'/>
                <label name='thread' value='0-0'/>
            </labels>
            <parameters>
                <parameter kind='argument' name='browser' value='Safari-14.1.2'/>
            </parameters>
            <steps>
                <step start='1649338225513' status='passed' stop='1649338225514'>
                    <name>"before each" hook for Suite1 - Functional Validation of experience app for Teacher workflow</name>
                    <title>"before each" hook for Suite1 - Functional Validation of experience app for Teacher workflow</title>
                    <attachments/>
                    <steps/>
                </step>
                <step start='1649338225536' status='passed' stop='1649338225536'>
                    <name>"after each" hook for Suite1 - Functional Validation of experience app for Teacher workflow</name>
                    <title>"after each" hook for Suite1 - Functional Validation of experience app for Teacher workflow</title>
                    <attachments/>
                    <steps/>
                </step>
            </steps>
            <attachments/>
            <failure>
                <message>Remove button status mismatch: expected [invalid session id: unknown error] to equal true      
                      actual expected
                      
                      { [invalid session id: unknown error] name: 'invalid session id' }true
                      </message>
                <stack-trace>AssertionError: Remove button status mismatch: expected [invalid session id: unknown error] to equal true
                    at Object.assertEqual (/Users/swatigakhar/Desktop/comprocopy/comprodls-copy/engageAutomation/core/actionLibrary/baseAssertionLibrary.js:30:16)
                    at Object.ENG_DASH_TC_15 (/Users/swatigakhar/Desktop/comprocopy/comprodls-copy/engageAutomation/test/engageExperienceApp/dashboard.test.js:81:19)
                    at specRunner.identifyTest (/Users/swatigakhar/Desktop/comprocopy/comprodls-copy/engageAutomation/test/tempRunner/AcceptanceNew.js:204:34)
                    at Context.&lt;anonymous> (/Users/swatigakhar/Desktop/comprocopy/comprodls-copy/engageAutomation/test/tempRunner/AcceptanceNew.js:132:34)</stack-trace>
            </failure>
        </test-case>
        <test-case start='1649338225536' status='failed' stop='1649338225564'>
            <name>ENG_SHELL_TC_8 Validate that clicking on the profile dropdown launches the dropdown of profile and other options - (P1, Desktop)</name>
            <title>ENG_SHELL_TC_8 Validate that clicking on the profile dropdown launches the dropdown of profile and other options - (P1, Desktop)</title>
            <labels>
                <label name='language' value='javascript'/>
                <label name='framework' value='wdio'/>
                <label name='thread' value='0-0'/>
            </labels>
            <parameters>
                <parameter kind='argument' name='browser' value='Safari-14.1.2'/>
            </parameters>
            <steps>
                <step start='1649338225536' status='passed' stop='1649338225536'>
                    <name>"before each" hook for Suite1 - Functional Validation of experience app for Teacher workflow</name>
                    <title>"before each" hook for Suite1 - Functional Validation of experience app for Teacher workflow</title>
                    <attachments/>
                    <steps/>
                </step>
                <step start='1649338225564' status='passed' stop='1649338225564'>
                    <name>"after each" hook for Suite1 - Functional Validation of experience app for Teacher workflow</name>
                    <title>"after each" hook for Suite1 - Functional Validation of experience app for Teacher workflow</title>
                    <attachments/>
                    <steps/>
                </step>
            </steps>
            <attachments/>
            <failure>
                <message>User Name Text mismatch: expected undefined to equal 'acceptance Teacher'      
                      actual expected
                      
                      undefined'acceptance Teacher'
                      </message>
                <stack-trace>AssertionError: User Name Text mismatch: expected undefined to equal 'acceptance Teacher'
                    at Object.assertEqual (/Users/swatigakhar/Desktop/comprocopy/comprodls-copy/engageAutomation/core/actionLibrary/baseAssertionLibrary.js:30:16)
                    at Object.ENG_SHELL_TC_8 (/Users/swatigakhar/Desktop/comprocopy/comprodls-copy/engageAutomation/test/engageExperienceApp/appShell.test.js:78:14)
                    at specRunner.identifyTest (/Users/swatigakhar/Desktop/comprocopy/comprodls-copy/engageAutomation/test/tempRunner/AcceptanceNew.js:204:34)
                    at Context.&lt;anonymous> (/Users/swatigakhar/Desktop/comprocopy/comprodls-copy/engageAutomation/test/tempRunner/AcceptanceNew.js:132:34)</stack-trace>
            </failure>
        </test-case>
        <test-case start='1649338225564' status='failed' stop='1649338225581'>
            <name>ENG_SHELL_TC_9 Validate that user is able to logout of the application by selecting the logout option from the profile dropdown - (P1, Desktop)</name>
            <title>ENG_SHELL_TC_9 Validate that user is able to logout of the application by selecting the logout option from the profile dropdown - (P1, Desktop)</title>
            <labels>
                <label name='language' value='javascript'/>
                <label name='framework' value='wdio'/>
                <label name='thread' value='0-0'/>
            </labels>
            <parameters>
                <parameter kind='argument' name='browser' value='Safari-14.1.2'/>
            </parameters>
            <steps>
                <step start='1649338225564' status='passed' stop='1649338225564'>
                    <name>"before each" hook for Suite1 - Functional Validation of experience app for Teacher workflow</name>
                    <title>"before each" hook for Suite1 - Functional Validation of experience app for Teacher workflow</title>
                    <attachments/>
                    <steps/>
                </step>
                <step start='1649338225581' status='passed' stop='1649338225581'>
                    <name>"after each" hook for Suite1 - Functional Validation of experience app for Teacher workflow</name>
                    <title>"after each" hook for Suite1 - Functional Validation of experience app for Teacher workflow</title>
                    <attachments/>
                    <steps/>
                </step>
            </steps>
            <attachments/>
            <failure>
                <message>Landing page status mismatch: expected undefined to equal true      
                      actual expected
                      
                      undefinedtrue
                      </message>
                <stack-trace>AssertionError: Landing page status mismatch: expected undefined to equal true
                    at Object.assertEqual (/Users/swatigakhar/Desktop/comprocopy/comprodls-copy/engageAutomation/core/actionLibrary/baseAssertionLibrary.js:30:16)
                    at Object.ENG_SHELL_TC_9 (/Users/swatigakhar/Desktop/comprocopy/comprodls-copy/engageAutomation/test/engageExperienceApp/appShell.test.js:89:13)
                    at specRunner.identifyTest (/Users/swatigakhar/Desktop/comprocopy/comprodls-copy/engageAutomation/test/tempRunner/AcceptanceNew.js:204:34)
                    at Context.&lt;anonymous> (/Users/swatigakhar/Desktop/comprocopy/comprodls-copy/engageAutomation/test/tempRunner/AcceptanceNew.js:132:34)</stack-trace>
            </failure>
        </test-case>
    </test-cases>
</ns2:test-suite>