<?xml version='1.0'?>
<ns2:test-suite xmlns:ns2='urn:model.allure.qatools.yandex.ru' start='1649339430417' stop='1649339610188'>
    <name>Suite1 - Functional Validation of experience app for Teacher workflow</name>
    <title>Suite1 - Functional Validation of experience app for Teacher workflow</title>
    <test-cases>
        <test-case start='1649339434607' status='passed' stop='1649339437914'>
            <name>ENG_LAND_TC_3 Validate that the sign in page is launched on clicking the "Log in" button - (P1)</name>
            <title>ENG_LAND_TC_3 Validate that the sign in page is launched on clicking the "Log in" button - (P1)</title>
            <labels>
                <label name='language' value='javascript'/>
                <label name='framework' value='wdio'/>
                <label name='thread' value='0-0'/>
            </labels>
            <parameters>
                <parameter kind='argument' name='browser' value='Safari-14.1.2'/>
            </parameters>
            <steps>
                <step start='1649339434608' status='passed' stop='1649339434609'>
                    <name>"before each" hook for Suite1 - Functional Validation of experience app for Teacher workflow</name>
                    <title>"before each" hook for Suite1 - Functional Validation of experience app for Teacher workflow</title>
                    <attachments/>
                    <steps/>
                </step>
                <step start='1649339437914' status='passed' stop='1649339437915'>
                    <name>"after each" hook for Suite1 - Functional Validation of experience app for Teacher workflow</name>
                    <title>"after each" hook for Suite1 - Functional Validation of experience app for Teacher workflow</title>
                    <attachments/>
                    <steps/>
                </step>
            </steps>
            <attachments>
                <attachment title='Screenshot' source='1611a85a-0324-44db-94cb-b676d2db7d44-attachment.png' type='image/png' size='335715'/>
                <attachment title='Screenshot' source='e51cf63f-9a0e-4395-94dd-37d3b49c88a1-attachment.png' type='image/png' size='293527'/>
            </attachments>
        </test-case>
        <test-case start='1649339437915' status='passed' stop='1649339447190'>
            <name>ENG_IDEN_TC_7 Validate that the user is able to login successfully with an existing account - ()</name>
            <title>ENG_IDEN_TC_7 Validate that the user is able to login successfully with an existing account - ()</title>
            <labels>
                <label name='language' value='javascript'/>
                <label name='framework' value='wdio'/>
                <label name='thread' value='0-0'/>
            </labels>
            <parameters>
                <parameter kind='argument' name='browser' value='Safari-14.1.2'/>
            </parameters>
            <steps>
                <step start='1649339437916' status='passed' stop='1649339437916'>
                    <name>"before each" hook for Suite1 - Functional Validation of experience app for Teacher workflow</name>
                    <title>"before each" hook for Suite1 - Functional Validation of experience app for Teacher workflow</title>
                    <attachments/>
                    <steps/>
                </step>
                <step start='1649339447190' status='passed' stop='1649339447191'>
                    <name>"after each" hook for Suite1 - Functional Validation of experience app for Teacher workflow</name>
                    <title>"after each" hook for Suite1 - Functional Validation of experience app for Teacher workflow</title>
                    <attachments/>
                    <steps/>
                </step>
            </steps>
            <attachments>
                <attachment title='Screenshot' source='d413b522-29d8-4fef-833c-790c21cda867-attachment.png' type='image/png' size='298570'/>
                <attachment title='Screenshot' source='fafc7c89-69e8-4bb7-bbf2-d870c5502802-attachment.png' type='image/png' size='665878'/>
            </attachments>
        </test-case>
        <test-case start='1649339447191' status='passed' stop='1649339447887'>
            <name>ENG_DASH_TC_1 Validate the content of the blank Dashboard page in English Language - (P2)</name>
            <title>ENG_DASH_TC_1 Validate the content of the blank Dashboard page in English Language - (P2)</title>
            <labels>
                <label name='language' value='javascript'/>
                <label name='framework' value='wdio'/>
                <label name='thread' value='0-0'/>
            </labels>
            <parameters>
                <parameter kind='argument' name='browser' value='Safari-14.1.2'/>
            </parameters>
            <steps>
                <step start='1649339447193' status='passed' stop='1649339447194'>
                    <name>"before each" hook for Suite1 - Functional Validation of experience app for Teacher workflow</name>
                    <title>"before each" hook for Suite1 - Functional Validation of experience app for Teacher workflow</title>
                    <attachments/>
                    <steps/>
                </step>
                <step start='1649339447888' status='passed' stop='1649339447888'>
                    <name>"after each" hook for Suite1 - Functional Validation of experience app for Teacher workflow</name>
                    <title>"after each" hook for Suite1 - Functional Validation of experience app for Teacher workflow</title>
                    <attachments/>
                    <steps/>
                </step>
            </steps>
            <attachments>
                <attachment title='Screenshot' source='7cd15511-b0d8-43b4-9619-cced673cc5c4-attachment.png' type='image/png' size='665878'/>
            </attachments>
        </test-case>
        <test-case start='1649339447888' status='passed' stop='1649339452667'>
            <name>ENG_DASH_TC_7 Validate that clicking on 'Add Book' button, book list page is launched to select books to add - (P1)</name>
            <title>ENG_DASH_TC_7 Validate that clicking on 'Add Book' button, book list page is launched to select books to add - (P1)</title>
            <labels>
                <label name='language' value='javascript'/>
                <label name='framework' value='wdio'/>
                <label name='thread' value='0-0'/>
            </labels>
            <parameters>
                <parameter kind='argument' name='browser' value='Safari-14.1.2'/>
            </parameters>
            <steps>
                <step start='1649339447889' status='passed' stop='1649339447889'>
                    <name>"before each" hook for Suite1 - Functional Validation of experience app for Teacher workflow</name>
                    <title>"before each" hook for Suite1 - Functional Validation of experience app for Teacher workflow</title>
                    <attachments/>
                    <steps/>
                </step>
                <step start='1649339452667' status='passed' stop='1649339452668'>
                    <name>"after each" hook for Suite1 - Functional Validation of experience app for Teacher workflow</name>
                    <title>"after each" hook for Suite1 - Functional Validation of experience app for Teacher workflow</title>
                    <attachments/>
                    <steps/>
                </step>
            </steps>
            <attachments>
                <attachment title='Screenshot' source='88ee5aa8-e581-41c8-a5ef-ab2cdcfd12a4-attachment.png' type='image/png' size='665878'/>
                <attachment title='Screenshot' source='42981f0d-535f-4b33-8d3b-b0b4ba833f82-attachment.png' type='image/png' size='1478920'/>
            </attachments>
        </test-case>
        <test-case start='1649339452669' status='passed' stop='1649339453876'>
            <name>ENG_GLOB_TC_28 Validate that searching can be done on basis of resource name - (P1, Desktop)</name>
            <title>ENG_GLOB_TC_28 Validate that searching can be done on basis of resource name - (P1, Desktop)</title>
            <labels>
                <label name='language' value='javascript'/>
                <label name='framework' value='wdio'/>
                <label name='thread' value='0-0'/>
            </labels>
            <parameters>
                <parameter kind='argument' name='browser' value='Safari-14.1.2'/>
            </parameters>
            <steps>
                <step start='1649339452670' status='passed' stop='1649339452670'>
                    <name>"before each" hook for Suite1 - Functional Validation of experience app for Teacher workflow</name>
                    <title>"before each" hook for Suite1 - Functional Validation of experience app for Teacher workflow</title>
                    <attachments/>
                    <steps/>
                </step>
                <step start='1649339453877' status='passed' stop='1649339453877'>
                    <name>"after each" hook for Suite1 - Functional Validation of experience app for Teacher workflow</name>
                    <title>"after each" hook for Suite1 - Functional Validation of experience app for Teacher workflow</title>
                    <attachments/>
                    <steps/>
                </step>
            </steps>
            <attachments>
                <attachment title='Screenshot' source='6ad4f8ab-dc3e-4f6c-b76c-fb76f7e2408f-attachment.png' type='image/png' size='460900'/>
            </attachments>
        </test-case>
        <test-case start='1649339453878' status='passed' stop='1649339454172'>
            <name>ENG_GLOB_TC_58 Validate that clicking on '+' button adds the book to My Books - (P1, Desktop)</name>
            <title>ENG_GLOB_TC_58 Validate that clicking on '+' button adds the book to My Books - (P1, Desktop)</title>
            <labels>
                <label name='language' value='javascript'/>
                <label name='framework' value='wdio'/>
                <label name='thread' value='0-0'/>
            </labels>
            <parameters>
                <parameter kind='argument' name='browser' value='Safari-14.1.2'/>
            </parameters>
            <steps>
                <step start='1649339453879' status='passed' stop='1649339453879'>
                    <name>"before each" hook for Suite1 - Functional Validation of experience app for Teacher workflow</name>
                    <title>"before each" hook for Suite1 - Functional Validation of experience app for Teacher workflow</title>
                    <attachments/>
                    <steps/>
                </step>
                <step start='1649339454172' status='passed' stop='1649339454173'>
                    <name>"after each" hook for Suite1 - Functional Validation of experience app for Teacher workflow</name>
                    <title>"after each" hook for Suite1 - Functional Validation of experience app for Teacher workflow</title>
                    <attachments/>
                    <steps/>
                </step>
            </steps>
            <attachments>
                <attachment title='Screenshot' source='c21f9405-e126-4c1b-9d04-c75503cb8219-attachment.png' type='image/png' size='460900'/>
                <attachment title='Screenshot' source='d2063128-a4fc-468a-bf15-82706d54e666-attachment.png' type='image/png' size='460313'/>
            </attachments>
        </test-case>
        <test-case start='1649339454173' status='passed' stop='1649339457288'>
            <name>ENG_SHELL_TC_4 Validate that clicking on the Classes button in the left navigation pane launches Classes List  page - (P1, Desktop)</name>
            <title>ENG_SHELL_TC_4 Validate that clicking on the Classes button in the left navigation pane launches Classes List  page - (P1, Desktop)</title>
            <labels>
                <label name='language' value='javascript'/>
                <label name='framework' value='wdio'/>
                <label name='thread' value='0-0'/>
            </labels>
            <parameters>
                <parameter kind='argument' name='browser' value='Safari-14.1.2'/>
            </parameters>
            <steps>
                <step start='1649339454174' status='passed' stop='1649339454174'>
                    <name>"before each" hook for Suite1 - Functional Validation of experience app for Teacher workflow</name>
                    <title>"before each" hook for Suite1 - Functional Validation of experience app for Teacher workflow</title>
                    <attachments/>
                    <steps/>
                </step>
                <step start='1649339457288' status='passed' stop='1649339457289'>
                    <name>"after each" hook for Suite1 - Functional Validation of experience app for Teacher workflow</name>
                    <title>"after each" hook for Suite1 - Functional Validation of experience app for Teacher workflow</title>
                    <attachments/>
                    <steps/>
                </step>
            </steps>
            <attachments>
                <attachment title='Screenshot' source='ca741f90-6780-4deb-a341-763815f12d65-attachment.png' type='image/png' size='460313'/>
                <attachment title='Screenshot' source='0243752e-6586-49ef-80c3-d3545dc943ee-attachment.png' type='image/png' size='459019'/>
            </attachments>
        </test-case>
        <test-case start='1649339457289' status='failed' stop='1649339457495'>
            <name>ENG_INS_CLASS_TC_7 Validate that on clicking a Class card on the My Classes Page, Class Dashboard is launched for that class - (P1)</name>
            <title>ENG_INS_CLASS_TC_7 Validate that on clicking a Class card on the My Classes Page, Class Dashboard is launched for that class - (P1)</title>
            <labels>
                <label name='language' value='javascript'/>
                <label name='framework' value='wdio'/>
                <label name='thread' value='0-0'/>
            </labels>
            <parameters>
                <parameter kind='argument' name='browser' value='Safari-14.1.2'/>
            </parameters>
            <steps>
                <step start='1649339457290' status='passed' stop='1649339457290'>
                    <name>"before each" hook for Suite1 - Functional Validation of experience app for Teacher workflow</name>
                    <title>"before each" hook for Suite1 - Functional Validation of experience app for Teacher workflow</title>
                    <attachments/>
                    <steps/>
                </step>
                <step start='1649339457496' status='passed' stop='1649339457496'>
                    <name>"after each" hook for Suite1 - Functional Validation of experience app for Teacher workflow</name>
                    <title>"after each" hook for Suite1 - Functional Validation of experience app for Teacher workflow</title>
                    <attachments/>
                    <steps/>
                </step>
            </steps>
            <attachments>
                <attachment title='Screenshot' source='292909f2-922d-4e04-b57a-c3bdcffee3fb-attachment.png' type='image/png' size='459019'/>
            </attachments>
            <failure>
                <message>Class Details page is not launched: expected 'ERROR! No class found with name acceptanceClass !!' to equal true      
                      actual expected
                      
                      'ERROR! No class found with name acceptanceClass !!'true
                      </message>
                <stack-trace>AssertionError: Class Details page is not launched: expected 'ERROR! No class found with name acceptanceClass !!' to equal true
                    at Object.assertEqual (/Users/swatigakhar/Desktop/comprocopy/comprodls-copy/engageAutomation/core/actionLibrary/baseAssertionLibrary.js:30:16)
                    at Object.ENG_INS_CLASS_TC_7 (/Users/swatigakhar/Desktop/comprocopy/comprodls-copy/engageAutomation/test/engageExperienceApp/classDashboard.test.js:141:13)
                    at specRunner.identifyTest (/Users/swatigakhar/Desktop/comprocopy/comprodls-copy/engageAutomation/test/tempRunner/AcceptanceNew.js:204:34)
                    at Context.&lt;anonymous> (/Users/swatigakhar/Desktop/comprocopy/comprodls-copy/engageAutomation/test/tempRunner/AcceptanceNew.js:132:34)</stack-trace>
            </failure>
        </test-case>
        <test-case start='1649339457497' status='failed' stop='1649339518069'>
            <name>ENG_INS_CLASS_TC_44 Validate book details is launched after clicking on View Book button - (P1)</name>
            <title>ENG_INS_CLASS_TC_44 Validate book details is launched after clicking on View Book button - (P1)</title>
            <labels>
                <label name='language' value='javascript'/>
                <label name='framework' value='wdio'/>
                <label name='thread' value='0-0'/>
            </labels>
            <parameters>
                <parameter kind='argument' name='browser' value='Safari-14.1.2'/>
            </parameters>
            <steps>
                <step start='1649339457498' status='passed' stop='1649339457498'>
                    <name>"before each" hook for Suite1 - Functional Validation of experience app for Teacher workflow</name>
                    <title>"before each" hook for Suite1 - Functional Validation of experience app for Teacher workflow</title>
                    <attachments/>
                    <steps/>
                </step>
                <step start='1649339518069' status='passed' stop='1649339518070'>
                    <name>"after each" hook for Suite1 - Functional Validation of experience app for Teacher workflow</name>
                    <title>"after each" hook for Suite1 - Functional Validation of experience app for Teacher workflow</title>
                    <attachments/>
                    <steps/>
                </step>
            </steps>
            <attachments>
                <attachment title='Screenshot' source='85b46aec-a6bd-4082-9e65-98c7d12c052a-attachment.png' type='image/png' size='459184'/>
                <attachment title='Screenshot' source='f28cc38a-1bdf-4e1d-a41a-242087547d04-attachment.png' type='image/png' size='459184'/>
            </attachments>
            <failure>
                <message>View book page status mismatch: expected undefined to equal true      
                      actual expected
                      
                      undefinedtrue
                      </message>
                <stack-trace>AssertionError: View book page status mismatch: expected undefined to equal true
                    at Object.assertEqual (/Users/swatigakhar/Desktop/comprocopy/comprodls-copy/engageAutomation/core/actionLibrary/baseAssertionLibrary.js:30:16)
                    at Object.ENG_INS_CLASS_TC_44 (/Users/swatigakhar/Desktop/comprocopy/comprodls-copy/engageAutomation/test/engageExperienceApp/classDashboard.test.js:501:13)
                    at specRunner.identifyTest (/Users/swatigakhar/Desktop/comprocopy/comprodls-copy/engageAutomation/test/tempRunner/AcceptanceNew.js:204:34)
                    at Context.&lt;anonymous> (/Users/swatigakhar/Desktop/comprocopy/comprodls-copy/engageAutomation/test/tempRunner/AcceptanceNew.js:132:34)</stack-trace>
            </failure>
        </test-case>
        <test-case start='1649339518070' status='failed' stop='1649339518370'>
            <name>ENG_BOOK_TC_10 Validate clicking on a component displays the units asscoiated with the component - (P1)</name>
            <title>ENG_BOOK_TC_10 Validate clicking on a component displays the units asscoiated with the component - (P1)</title>
            <labels>
                <label name='language' value='javascript'/>
                <label name='framework' value='wdio'/>
                <label name='thread' value='0-0'/>
            </labels>
            <parameters>
                <parameter kind='argument' name='browser' value='Safari-14.1.2'/>
            </parameters>
            <steps>
                <step start='1649339518071' status='passed' stop='1649339518071'>
                    <name>"before each" hook for Suite1 - Functional Validation of experience app for Teacher workflow</name>
                    <title>"before each" hook for Suite1 - Functional Validation of experience app for Teacher workflow</title>
                    <attachments/>
                    <steps/>
                </step>
                <step start='1649339518370' status='passed' stop='1649339518370'>
                    <name>"after each" hook for Suite1 - Functional Validation of experience app for Teacher workflow</name>
                    <title>"after each" hook for Suite1 - Functional Validation of experience app for Teacher workflow</title>
                    <attachments/>
                    <steps/>
                </step>
            </steps>
            <attachments>
                <attachment title='Screenshot' source='36715adf-9476-4d68-8d7f-b196f881405f-attachment.png' type='image/png' size='459184'/>
            </attachments>
            <failure>
                <message>Tab not selected: expected false to equal true      
                      actual expected
                      
                      falsetrue
                      </message>
                <stack-trace>AssertionError: Tab not selected: expected false to equal true
                    at Object.assertEqual (/Users/swatigakhar/Desktop/comprocopy/comprodls-copy/engageAutomation/core/actionLibrary/baseAssertionLibrary.js:30:16)
                    at Object.ENG_BOOK_TC_10 (/Users/swatigakhar/Desktop/comprocopy/comprodls-copy/engageAutomation/test/engageExperienceApp/viewBook.test.js:66:19)
                    at specRunner.identifyTest (/Users/swatigakhar/Desktop/comprocopy/comprodls-copy/engageAutomation/test/tempRunner/AcceptanceNew.js:204:34)
                    at Context.&lt;anonymous> (/Users/swatigakhar/Desktop/comprocopy/comprodls-copy/engageAutomation/test/tempRunner/AcceptanceNew.js:132:34)</stack-trace>
            </failure>
        </test-case>
        <test-case start='1649339518371' status='failed' stop='1649339518686'>
            <name>ENG_BOOK_TC_19 Validate clicking on a unit launches the unit detail view page. - (P1)</name>
            <title>ENG_BOOK_TC_19 Validate clicking on a unit launches the unit detail view page. - (P1)</title>
            <labels>
                <label name='language' value='javascript'/>
                <label name='framework' value='wdio'/>
                <label name='thread' value='0-0'/>
            </labels>
            <parameters>
                <parameter kind='argument' name='browser' value='Safari-14.1.2'/>
            </parameters>
            <steps>
                <step start='1649339518371' status='passed' stop='1649339518371'>
                    <name>"before each" hook for Suite1 - Functional Validation of experience app for Teacher workflow</name>
                    <title>"before each" hook for Suite1 - Functional Validation of experience app for Teacher workflow</title>
                    <attachments/>
                    <steps/>
                </step>
                <step start='1649339518686' status='passed' stop='1649339518686'>
                    <name>"after each" hook for Suite1 - Functional Validation of experience app for Teacher workflow</name>
                    <title>"after each" hook for Suite1 - Functional Validation of experience app for Teacher workflow</title>
                    <attachments/>
                    <steps/>
                </step>
            </steps>
            <attachments>
                <attachment title='Screenshot' source='73b643d2-4ad3-4163-ada5-ca5811ebbc9a-attachment.png' type='image/png' size='459184'/>
            </attachments>
            <failure>
                <message>View Unit page status mismatch: expected undefined to equal true      
                      actual expected
                      
                      undefinedtrue
                      </message>
                <stack-trace>AssertionError: View Unit page status mismatch: expected undefined to equal true
                    at Object.assertEqual (/Users/swatigakhar/Desktop/comprocopy/comprodls-copy/engageAutomation/core/actionLibrary/baseAssertionLibrary.js:30:16)
                    at Object.ENG_BOOK_TC_19 (/Users/swatigakhar/Desktop/comprocopy/comprodls-copy/engageAutomation/test/engageExperienceApp/viewBook.test.js:126:19)
                    at specRunner.identifyTest (/Users/swatigakhar/Desktop/comprocopy/comprodls-copy/engageAutomation/test/tempRunner/AcceptanceNew.js:204:34)
                    at Context.&lt;anonymous> (/Users/swatigakhar/Desktop/comprocopy/comprodls-copy/engageAutomation/test/tempRunner/AcceptanceNew.js:132:34)</stack-trace>
            </failure>
        </test-case>
        <test-case start='1649339518686' status='failed' stop='1649339548914'>
            <name>ENG_BOOK_TC_21 Validate that clicking on Activity on unit detail view page launches the activity - (P1)</name>
            <title>ENG_BOOK_TC_21 Validate that clicking on Activity on unit detail view page launches the activity - (P1)</title>
            <labels>
                <label name='language' value='javascript'/>
                <label name='framework' value='wdio'/>
                <label name='thread' value='0-0'/>
            </labels>
            <parameters>
                <parameter kind='argument' name='browser' value='Safari-14.1.2'/>
            </parameters>
            <steps>
                <step start='1649339518687' status='passed' stop='1649339518687'>
                    <name>"before each" hook for Suite1 - Functional Validation of experience app for Teacher workflow</name>
                    <title>"before each" hook for Suite1 - Functional Validation of experience app for Teacher workflow</title>
                    <attachments/>
                    <steps/>
                </step>
                <step start='1649339548914' status='passed' stop='1649339548915'>
                    <name>"after each" hook for Suite1 - Functional Validation of experience app for Teacher workflow</name>
                    <title>"after each" hook for Suite1 - Functional Validation of experience app for Teacher workflow</title>
                    <attachments/>
                    <steps/>
                </step>
            </steps>
            <attachments>
                <attachment title='Screenshot' source='a291c13d-df08-4eb0-bb33-42a5338ef355-attachment.png' type='image/png' size='459184'/>
            </attachments>
            <failure>
                <message>Activity Not Clicked: expected false to equal true      
                      actual expected
                      
                      falsetrue
                      </message>
                <stack-trace>AssertionError: Activity Not Clicked: expected false to equal true
                    at Object.assertEqual (/Users/swatigakhar/Desktop/comprocopy/comprodls-copy/engageAutomation/core/actionLibrary/baseAssertionLibrary.js:30:16)
                    at Object.ENG_BOOK_TC_21 (/Users/swatigakhar/Desktop/comprocopy/comprodls-copy/engageAutomation/test/engageExperienceApp/viewUnit.test.js:17:19)
                    at specRunner.identifyTest (/Users/swatigakhar/Desktop/comprocopy/comprodls-copy/engageAutomation/test/tempRunner/AcceptanceNew.js:204:34)
                    at Context.&lt;anonymous> (/Users/swatigakhar/Desktop/comprocopy/comprodls-copy/engageAutomation/test/tempRunner/AcceptanceNew.js:132:34)</stack-trace>
            </failure>
        </test-case>
        <test-case start='1649339548919' status='failed' stop='1649339579176'>
            <name>ENG_PLAY_TC_1 Validate testplayer when a question is launched - (P1)</name>
            <title>ENG_PLAY_TC_1 Validate testplayer when a question is launched - (P1)</title>
            <labels>
                <label name='language' value='javascript'/>
                <label name='framework' value='wdio'/>
                <label name='thread' value='0-0'/>
            </labels>
            <parameters>
                <parameter kind='argument' name='browser' value='Safari-14.1.2'/>
            </parameters>
            <steps>
                <step start='1649339548921' status='passed' stop='1649339548921'>
                    <name>"before each" hook for Suite1 - Functional Validation of experience app for Teacher workflow</name>
                    <title>"before each" hook for Suite1 - Functional Validation of experience app for Teacher workflow</title>
                    <attachments/>
                    <steps/>
                </step>
                <step start='1649339579176' status='passed' stop='1649339579176'>
                    <name>"after each" hook for Suite1 - Functional Validation of experience app for Teacher workflow</name>
                    <title>"after each" hook for Suite1 - Functional Validation of experience app for Teacher workflow</title>
                    <attachments/>
                    <steps/>
                </step>
            </steps>
            <attachments>
                <attachment title='Screenshot' source='6f1b19a9-505d-47f9-a397-1dddcdfcc5f7-attachment.png' type='image/png' size='459184'/>
            </attachments>
            <failure>
                <message>Activity submission status mismatch: expected undefined to equal false</message>
                <stack-trace>AssertionError: Activity submission status mismatch: expected undefined to equal false
                    at Object.assertEqual (/Users/swatigakhar/Desktop/comprocopy/comprodls-copy/engageAutomation/core/actionLibrary/baseAssertionLibrary.js:30:16)
                    at Object.ENG_PLAY_TC_1 (/Users/swatigakhar/Desktop/comprocopy/comprodls-copy/engageAutomation/test/engageExperienceApp/activityPlayer.test.js:11:13)
                    at specRunner.identifyTest (/Users/swatigakhar/Desktop/comprocopy/comprodls-copy/engageAutomation/test/tempRunner/AcceptanceNew.js:204:34)
                    at Context.&lt;anonymous> (/Users/swatigakhar/Desktop/comprocopy/comprodls-copy/engageAutomation/test/tempRunner/AcceptanceNew.js:132:34)</stack-trace>
            </failure>
        </test-case>
        <test-case start='1649339579177' status='failed' stop='1649339609291'>
            <name>ENG_ITEM_MMCQ_TC_1 Validate the Multi MCSR question launch in default unattempted state - (P3)</name>
            <title>ENG_ITEM_MMCQ_TC_1 Validate the Multi MCSR question launch in default unattempted state - (P3)</title>
            <labels>
                <label name='language' value='javascript'/>
                <label name='framework' value='wdio'/>
                <label name='thread' value='0-0'/>
            </labels>
            <parameters>
                <parameter kind='argument' name='browser' value='Safari-14.1.2'/>
            </parameters>
            <steps>
                <step start='1649339579178' status='passed' stop='1649339579178'>
                    <name>"before each" hook for Suite1 - Functional Validation of experience app for Teacher workflow</name>
                    <title>"before each" hook for Suite1 - Functional Validation of experience app for Teacher workflow</title>
                    <attachments/>
                    <steps/>
                </step>
                <step start='1649339609291' status='passed' stop='1649339609292'>
                    <name>"after each" hook for Suite1 - Functional Validation of experience app for Teacher workflow</name>
                    <title>"after each" hook for Suite1 - Functional Validation of experience app for Teacher workflow</title>
                    <attachments/>
                    <steps/>
                </step>
            </steps>
            <attachments/>
            <failure>
                <message>Multi MCSR question not loaded: expected [Error: element ("div[class*=item-player-container] > div:not([style='height: 100%; display: none;']) [data-tid*=input-click-option-sub-question-") still not existing after 30000ms] to equal true      
                      actual expected
                      
                      { [Error: element ("div[class*=item-player-container] > div:not([style='height: 100%; display: none;']) [data-tid*=input-click-option-sub-question-") still not existing after 30000ms] name: 'Error' }true
                      </message>
                <stack-trace>AssertionError: Multi MCSR question not loaded: expected [Error: element ("div[class*=item-player-container] > div:not([style='height: 100%; display: none;']) [data-tid*=input-click-option-sub-question-") still not existing after 30000ms] to equal true
                    at Object.assertEqual (/Users/swatigakhar/Desktop/comprocopy/comprodls-copy/engageAutomation/core/actionLibrary/baseAssertionLibrary.js:30:16)
                    at Object.ENG_ITEM_MMCQ_TC_1 (/Users/swatigakhar/Desktop/comprocopy/comprodls-copy/engageAutomation/test/engageExperienceApp/multimcq.test.js:10:13)
                    at specRunner.identifyTest (/Users/swatigakhar/Desktop/comprocopy/comprodls-copy/engageAutomation/test/tempRunner/AcceptanceNew.js:204:34)
                    at Context.&lt;anonymous> (/Users/swatigakhar/Desktop/comprocopy/comprodls-copy/engageAutomation/test/tempRunner/AcceptanceNew.js:132:34)</stack-trace>
            </failure>
        </test-case>
        <test-case start='1649339609292' status='failed' stop='1649339609446'>
            <name>ENG_ITEM_MMCQ_TC_2 Validate that the user can select an option in multiple sub-questions while performing the question - (P1)</name>
            <title>ENG_ITEM_MMCQ_TC_2 Validate that the user can select an option in multiple sub-questions while performing the question - (P1)</title>
            <labels>
                <label name='language' value='javascript'/>
                <label name='framework' value='wdio'/>
                <label name='thread' value='0-0'/>
            </labels>
            <parameters>
                <parameter kind='argument' name='browser' value='Safari-14.1.2'/>
            </parameters>
            <steps>
                <step start='1649339609292' status='passed' stop='1649339609292'>
                    <name>"before each" hook for Suite1 - Functional Validation of experience app for Teacher workflow</name>
                    <title>"before each" hook for Suite1 - Functional Validation of experience app for Teacher workflow</title>
                    <attachments/>
                    <steps/>
                </step>
                <step start='1649339609446' status='passed' stop='1649339609446'>
                    <name>"after each" hook for Suite1 - Functional Validation of experience app for Teacher workflow</name>
                    <title>"after each" hook for Suite1 - Functional Validation of experience app for Teacher workflow</title>
                    <attachments/>
                    <steps/>
                </step>
            </steps>
            <attachments/>
            <failure>
                <message>invalid session id: unknown error: expected [invalid session id: unknown error] to equal true      
                      actual expected
                      
                      { [invalid session id: unknown error] name: 'invalid session id' }true
                      </message>
                <stack-trace>AssertionError: invalid session id: unknown error: expected [invalid session id: unknown error] to equal true
                    at Object.assertEqual (/Users/swatigakhar/Desktop/comprocopy/comprodls-copy/engageAutomation/core/actionLibrary/baseAssertionLibrary.js:30:16)
                    at Object.ENG_ITEM_MMCQ_TC_2 (/Users/swatigakhar/Desktop/comprocopy/comprodls-copy/engageAutomation/test/engageExperienceApp/multimcq.test.js:16:13)
                    at specRunner.identifyTest (/Users/swatigakhar/Desktop/comprocopy/comprodls-copy/engageAutomation/test/tempRunner/AcceptanceNew.js:204:34)
                    at Context.&lt;anonymous> (/Users/swatigakhar/Desktop/comprocopy/comprodls-copy/engageAutomation/test/tempRunner/AcceptanceNew.js:132:34)</stack-trace>
            </failure>
        </test-case>
        <test-case start='1649339609447' status='failed' stop='1649339609473'>
            <name>ENG_PLAY_TC_3 Validate testplayer when user click on Check My Work button - (P1)</name>
            <title>ENG_PLAY_TC_3 Validate testplayer when user click on Check My Work button - (P1)</title>
            <labels>
                <label name='language' value='javascript'/>
                <label name='framework' value='wdio'/>
                <label name='thread' value='0-0'/>
            </labels>
            <parameters>
                <parameter kind='argument' name='browser' value='Safari-14.1.2'/>
            </parameters>
            <steps>
                <step start='1649339609447' status='passed' stop='1649339609447'>
                    <name>"before each" hook for Suite1 - Functional Validation of experience app for Teacher workflow</name>
                    <title>"before each" hook for Suite1 - Functional Validation of experience app for Teacher workflow</title>
                    <attachments/>
                    <steps/>
                </step>
                <step start='1649339609473' status='passed' stop='1649339609473'>
                    <name>"after each" hook for Suite1 - Functional Validation of experience app for Teacher workflow</name>
                    <title>"after each" hook for Suite1 - Functional Validation of experience app for Teacher workflow</title>
                    <attachments/>
                    <steps/>
                </step>
            </steps>
            <attachments/>
            <failure>
                <message>checkAnswerBtn status mismatch: expected [invalid session id: unknown error] to equal false      
                      actual expected
                      
                      { [invalid session id: unknown error] name: 'invalid session id' }false
                      </message>
                <stack-trace>AssertionError: checkAnswerBtn status mismatch: expected [invalid session id: unknown error] to equal false
                    at Object.assertEqual (/Users/swatigakhar/Desktop/comprocopy/comprodls-copy/engageAutomation/core/actionLibrary/baseAssertionLibrary.js:30:16)
                    at Object.ENG_PLAY_TC_3 (/Users/swatigakhar/Desktop/comprocopy/comprodls-copy/engageAutomation/test/engageExperienceApp/activityPlayer.test.js:74:13)
                    at specRunner.identifyTest (/Users/swatigakhar/Desktop/comprocopy/comprodls-copy/engageAutomation/test/tempRunner/AcceptanceNew.js:204:34)
                    at Context.&lt;anonymous> (/Users/swatigakhar/Desktop/comprocopy/comprodls-copy/engageAutomation/test/tempRunner/AcceptanceNew.js:132:34)</stack-trace>
            </failure>
        </test-case>
        <test-case start='1649339609473' status='failed' stop='1649339609740'>
            <name>ENG_ITEM_MMCQ_TC_3 Validate MCMR question functionality for Correct scenario - (P1)</name>
            <title>ENG_ITEM_MMCQ_TC_3 Validate MCMR question functionality for Correct scenario - (P1)</title>
            <labels>
                <label name='language' value='javascript'/>
                <label name='framework' value='wdio'/>
                <label name='thread' value='0-0'/>
            </labels>
            <parameters>
                <parameter kind='argument' name='browser' value='Safari-14.1.2'/>
            </parameters>
            <steps>
                <step start='1649339609473' status='passed' stop='1649339609473'>
                    <name>"before each" hook for Suite1 - Functional Validation of experience app for Teacher workflow</name>
                    <title>"before each" hook for Suite1 - Functional Validation of experience app for Teacher workflow</title>
                    <attachments/>
                    <steps/>
                </step>
                <step start='1649339609741' status='passed' stop='1649339609741'>
                    <name>"after each" hook for Suite1 - Functional Validation of experience app for Teacher workflow</name>
                    <title>"after each" hook for Suite1 - Functional Validation of experience app for Teacher workflow</title>
                    <attachments/>
                    <steps/>
                </step>
            </steps>
            <attachments/>
            <failure>
                <message>Multi MCSR 'value' for index 0 is - 1-O1,invalid session id: unknown error,,: expected '' to equal 'correct'      
                      actual expected
                      
                      'correct'
                      </message>
                <stack-trace>AssertionError: Multi MCSR 'value' for index 0 is - 1-O1,invalid session id: unknown error,,: expected '' to equal 'correct'
                    at Object.assertEqual (/Users/swatigakhar/Desktop/comprocopy/comprodls-copy/engageAutomation/core/actionLibrary/baseAssertionLibrary.js:30:16)
                    at Object.ENG_ITEM_MMCQ_TC_3 (/Users/swatigakhar/Desktop/comprocopy/comprodls-copy/engageAutomation/test/engageExperienceApp/multimcq.test.js:24:15)
                    at specRunner.identifyTest (/Users/swatigakhar/Desktop/comprocopy/comprodls-copy/engageAutomation/test/tempRunner/AcceptanceNew.js:204:34)
                    at Context.&lt;anonymous> (/Users/swatigakhar/Desktop/comprocopy/comprodls-copy/engageAutomation/test/tempRunner/AcceptanceNew.js:132:34)</stack-trace>
            </failure>
        </test-case>
        <test-case start='1649339609741' status='passed' stop='1649339609974'>
            <name>ENG_PLAY_TC_10 Validate the activity player when Last question of quiz is launched - ()</name>
            <title>ENG_PLAY_TC_10 Validate the activity player when Last question of quiz is launched - ()</title>
            <labels>
                <label name='language' value='javascript'/>
                <label name='framework' value='wdio'/>
                <label name='thread' value='0-0'/>
            </labels>
            <parameters>
                <parameter kind='argument' name='browser' value='Safari-14.1.2'/>
            </parameters>
            <steps>
                <step start='1649339609741' status='passed' stop='1649339609741'>
                    <name>"before each" hook for Suite1 - Functional Validation of experience app for Teacher workflow</name>
                    <title>"before each" hook for Suite1 - Functional Validation of experience app for Teacher workflow</title>
                    <attachments/>
                    <steps/>
                </step>
                <step start='1649339609974' status='passed' stop='1649339609974'>
                    <name>"after each" hook for Suite1 - Functional Validation of experience app for Teacher workflow</name>
                    <title>"after each" hook for Suite1 - Functional Validation of experience app for Teacher workflow</title>
                    <attachments/>
                    <steps/>
                </step>
            </steps>
            <attachments/>
        </test-case>
        <test-case start='1649339609975' status='failed' stop='1649339609989'>
            <name>ENG_PLAY_TC_8 Validate testplayer when a question is launched for the student - (P1)</name>
            <title>ENG_PLAY_TC_8 Validate testplayer when a question is launched for the student - (P1)</title>
            <labels>
                <label name='language' value='javascript'/>
                <label name='framework' value='wdio'/>
                <label name='thread' value='0-0'/>
            </labels>
            <parameters>
                <parameter kind='argument' name='browser' value='Safari-14.1.2'/>
            </parameters>
            <steps>
                <step start='1649339609975' status='passed' stop='1649339609975'>
                    <name>"before each" hook for Suite1 - Functional Validation of experience app for Teacher workflow</name>
                    <title>"before each" hook for Suite1 - Functional Validation of experience app for Teacher workflow</title>
                    <attachments/>
                    <steps/>
                </step>
                <step start='1649339609989' status='passed' stop='1649339609989'>
                    <name>"after each" hook for Suite1 - Functional Validation of experience app for Teacher workflow</name>
                    <title>"after each" hook for Suite1 - Functional Validation of experience app for Teacher workflow</title>
                    <attachments/>
                    <steps/>
                </step>
            </steps>
            <attachments/>
            <failure>
                <message>submit status mismatch: expected undefined to equal true      
                      actual expected
                      
                      undefinedtrue
                      </message>
                <stack-trace>AssertionError: submit status mismatch: expected undefined to equal true
                    at Object.assertEqual (/Users/swatigakhar/Desktop/comprocopy/comprodls-copy/engageAutomation/core/actionLibrary/baseAssertionLibrary.js:30:16)
                    at Object.ENG_PLAY_TC_8 (/Users/swatigakhar/Desktop/comprocopy/comprodls-copy/engageAutomation/test/engageExperienceApp/activityPlayer.test.js:124:13)
                    at specRunner.identifyTest (/Users/swatigakhar/Desktop/comprocopy/comprodls-copy/engageAutomation/test/tempRunner/AcceptanceNew.js:204:34)
                    at Context.&lt;anonymous> (/Users/swatigakhar/Desktop/comprocopy/comprodls-copy/engageAutomation/test/tempRunner/AcceptanceNew.js:132:34)</stack-trace>
            </failure>
        </test-case>
        <test-case start='1649339609989' status='failed' stop='1649339610015'>
            <name>ENG_SHELL_TC_11 Validate that click on breadcrumb back button on the header launch the previous page - (P1)</name>
            <title>ENG_SHELL_TC_11 Validate that click on breadcrumb back button on the header launch the previous page - (P1)</title>
            <labels>
                <label name='language' value='javascript'/>
                <label name='framework' value='wdio'/>
                <label name='thread' value='0-0'/>
            </labels>
            <parameters>
                <parameter kind='argument' name='browser' value='Safari-14.1.2'/>
            </parameters>
            <steps>
                <step start='1649339609989' status='passed' stop='1649339609989'>
                    <name>"before each" hook for Suite1 - Functional Validation of experience app for Teacher workflow</name>
                    <title>"before each" hook for Suite1 - Functional Validation of experience app for Teacher workflow</title>
                    <attachments/>
                    <steps/>
                </step>
                <step start='1649339610015' status='passed' stop='1649339610015'>
                    <name>"after each" hook for Suite1 - Functional Validation of experience app for Teacher workflow</name>
                    <title>"after each" hook for Suite1 - Functional Validation of experience app for Teacher workflow</title>
                    <attachments/>
                    <steps/>
                </step>
            </steps>
            <attachments/>
            <failure>
                <message>Back button is not clicked: expected [invalid session id: unknown error] to equal true      
                      actual expected
                      
                      { [invalid session id: unknown error] name: 'invalid session id' }true
                      </message>
                <stack-trace>AssertionError: Back button is not clicked: expected [invalid session id: unknown error] to equal true
                    at Object.assertEqual (/Users/swatigakhar/Desktop/comprocopy/comprodls-copy/engageAutomation/core/actionLibrary/baseAssertionLibrary.js:30:16)
                    at Object.ENG_SHELL_TC_11 (/Users/swatigakhar/Desktop/comprocopy/comprodls-copy/engageAutomation/test/engageExperienceApp/appShell.test.js:118:13)
                    at specRunner.identifyTest (/Users/swatigakhar/Desktop/comprocopy/comprodls-copy/engageAutomation/test/tempRunner/AcceptanceNew.js:204:34)
                    at Context.&lt;anonymous> (/Users/swatigakhar/Desktop/comprocopy/comprodls-copy/engageAutomation/test/tempRunner/AcceptanceNew.js:132:34)</stack-trace>
            </failure>
        </test-case>
        <test-case start='1649339610015' status='failed' stop='1649339610041'>
            <name>ENG_SHELL_TC_2 Validate that clicking on the Dashboard button in the left navigation pane launches Dashboard page - (P1, Desktop)</name>
            <title>ENG_SHELL_TC_2 Validate that clicking on the Dashboard button in the left navigation pane launches Dashboard page - (P1, Desktop)</title>
            <labels>
                <label name='language' value='javascript'/>
                <label name='framework' value='wdio'/>
                <label name='thread' value='0-0'/>
            </labels>
            <parameters>
                <parameter kind='argument' name='browser' value='Safari-14.1.2'/>
            </parameters>
            <steps>
                <step start='1649339610016' status='passed' stop='1649339610016'>
                    <name>"before each" hook for Suite1 - Functional Validation of experience app for Teacher workflow</name>
                    <title>"before each" hook for Suite1 - Functional Validation of experience app for Teacher workflow</title>
                    <attachments/>
                    <steps/>
                </step>
                <step start='1649339610041' status='passed' stop='1649339610041'>
                    <name>"after each" hook for Suite1 - Functional Validation of experience app for Teacher workflow</name>
                    <title>"after each" hook for Suite1 - Functional Validation of experience app for Teacher workflow</title>
                    <attachments/>
                    <steps/>
                </step>
            </steps>
            <attachments/>
            <failure>
                <message>Dashboard page status mismatch: expected undefined to equal true      
                      actual expected
                      
                      undefinedtrue
                      </message>
                <stack-trace>AssertionError: Dashboard page status mismatch: expected undefined to equal true
                    at Object.assertEqual (/Users/swatigakhar/Desktop/comprocopy/comprodls-copy/engageAutomation/core/actionLibrary/baseAssertionLibrary.js:30:16)
                    at Object.ENG_SHELL_TC_2 (/Users/swatigakhar/Desktop/comprocopy/comprodls-copy/engageAutomation/test/engageExperienceApp/appShell.test.js:32:13)
                    at specRunner.identifyTest (/Users/swatigakhar/Desktop/comprocopy/comprodls-copy/engageAutomation/test/tempRunner/AcceptanceNew.js:204:34)
                    at Context.&lt;anonymous> (/Users/swatigakhar/Desktop/comprocopy/comprodls-copy/engageAutomation/test/tempRunner/AcceptanceNew.js:132:34)</stack-trace>
            </failure>
        </test-case>
        <test-case start='1649339610042' status='broken' stop='1649339610068'>
            <name>ENG_DASH_TC_12 Validate that clicking on the 3 dots on book details page, launches the option menu with 'Remove from My Books' - (P1)</name>
            <title>ENG_DASH_TC_12 Validate that clicking on the 3 dots on book details page, launches the option menu with 'Remove from My Books' - (P1)</title>
            <labels>
                <label name='language' value='javascript'/>
                <label name='framework' value='wdio'/>
                <label name='thread' value='0-0'/>
            </labels>
            <parameters>
                <parameter kind='argument' name='browser' value='Safari-14.1.2'/>
            </parameters>
            <steps>
                <step start='1649339610042' status='passed' stop='1649339610042'>
                    <name>"before each" hook for Suite1 - Functional Validation of experience app for Teacher workflow</name>
                    <title>"before each" hook for Suite1 - Functional Validation of experience app for Teacher workflow</title>
                    <attachments/>
                    <steps/>
                </step>
                <step start='1649339610068' status='passed' stop='1649339610068'>
                    <name>"after each" hook for Suite1 - Functional Validation of experience app for Teacher workflow</name>
                    <title>"after each" hook for Suite1 - Functional Validation of experience app for Teacher workflow</title>
                    <attachments/>
                    <steps/>
                </step>
            </steps>
            <attachments/>
            <failure>
                <message>Cannot read property 'bookMenu_viewClassOption' of undefined</message>
                <stack-trace>TypeError: Cannot read property 'bookMenu_viewClassOption' of undefined
                    at Object.ENG_DASH_TC_12 (/Users/swatigakhar/Desktop/comprocopy/comprodls-copy/engageAutomation/test/engageExperienceApp/dashboard.test.js:55:35)
                    at specRunner.identifyTest (/Users/swatigakhar/Desktop/comprocopy/comprodls-copy/engageAutomation/test/tempRunner/AcceptanceNew.js:204:34)
                    at Context.&lt;anonymous> (/Users/swatigakhar/Desktop/comprocopy/comprodls-copy/engageAutomation/test/tempRunner/AcceptanceNew.js:132:34)</stack-trace>
            </failure>
        </test-case>
        <test-case start='1649339610068' status='failed' stop='1649339610105'>
            <name>ENG_DASH_TC_13 Validate that clicking on 'Remove from My Books' launches a pop up with label 'Remove from My Books?' - (P1)</name>
            <title>ENG_DASH_TC_13 Validate that clicking on 'Remove from My Books' launches a pop up with label 'Remove from My Books?' - (P1)</title>
            <labels>
                <label name='language' value='javascript'/>
                <label name='framework' value='wdio'/>
                <label name='thread' value='0-0'/>
            </labels>
            <parameters>
                <parameter kind='argument' name='browser' value='Safari-14.1.2'/>
            </parameters>
            <steps>
                <step start='1649339610068' status='passed' stop='1649339610068'>
                    <name>"before each" hook for Suite1 - Functional Validation of experience app for Teacher workflow</name>
                    <title>"before each" hook for Suite1 - Functional Validation of experience app for Teacher workflow</title>
                    <attachments/>
                    <steps/>
                </step>
                <step start='1649339610105' status='passed' stop='1649339610105'>
                    <name>"after each" hook for Suite1 - Functional Validation of experience app for Teacher workflow</name>
                    <title>"after each" hook for Suite1 - Functional Validation of experience app for Teacher workflow</title>
                    <attachments/>
                    <steps/>
                </step>
            </steps>
            <attachments/>
            <failure>
                <message>Menu Remove Title status mismatch: expected undefined to equal 'Remove from My Books?'      
                      actual expected
                      
                      undefined'Remove from My Books?'
                      </message>
                <stack-trace>AssertionError: Menu Remove Title status mismatch: expected undefined to equal 'Remove from My Books?'
                    at Object.assertEqual (/Users/swatigakhar/Desktop/comprocopy/comprodls-copy/engageAutomation/core/actionLibrary/baseAssertionLibrary.js:30:16)
                    at Object.ENG_DASH_TC_13 (/Users/swatigakhar/Desktop/comprocopy/comprodls-copy/engageAutomation/test/engageExperienceApp/dashboard.test.js:65:19)
                    at specRunner.identifyTest (/Users/swatigakhar/Desktop/comprocopy/comprodls-copy/engageAutomation/test/tempRunner/AcceptanceNew.js:204:34)
                    at Context.&lt;anonymous> (/Users/swatigakhar/Desktop/comprocopy/comprodls-copy/engageAutomation/test/tempRunner/AcceptanceNew.js:132:34)</stack-trace>
            </failure>
        </test-case>
        <test-case start='1649339610105' status='failed' stop='1649339610139'>
            <name>ENG_DASH_TC_15 Validate that clicking on 'Remove' removes the book from 'My List' - (P1)</name>
            <title>ENG_DASH_TC_15 Validate that clicking on 'Remove' removes the book from 'My List' - (P1)</title>
            <labels>
                <label name='language' value='javascript'/>
                <label name='framework' value='wdio'/>
                <label name='thread' value='0-0'/>
            </labels>
            <parameters>
                <parameter kind='argument' name='browser' value='Safari-14.1.2'/>
            </parameters>
            <steps>
                <step start='1649339610105' status='passed' stop='1649339610105'>
                    <name>"before each" hook for Suite1 - Functional Validation of experience app for Teacher workflow</name>
                    <title>"before each" hook for Suite1 - Functional Validation of experience app for Teacher workflow</title>
                    <attachments/>
                    <steps/>
                </step>
                <step start='1649339610139' status='passed' stop='1649339610140'>
                    <name>"after each" hook for Suite1 - Functional Validation of experience app for Teacher workflow</name>
                    <title>"after each" hook for Suite1 - Functional Validation of experience app for Teacher workflow</title>
                    <attachments/>
                    <steps/>
                </step>
            </steps>
            <attachments/>
            <failure>
                <message>Remove button status mismatch: expected [invalid session id: unknown error] to equal true      
                      actual expected
                      
                      { [invalid session id: unknown error] name: 'invalid session id' }true
                      </message>
                <stack-trace>AssertionError: Remove button status mismatch: expected [invalid session id: unknown error] to equal true
                    at Object.assertEqual (/Users/swatigakhar/Desktop/comprocopy/comprodls-copy/engageAutomation/core/actionLibrary/baseAssertionLibrary.js:30:16)
                    at Object.ENG_DASH_TC_15 (/Users/swatigakhar/Desktop/comprocopy/comprodls-copy/engageAutomation/test/engageExperienceApp/dashboard.test.js:81:19)
                    at specRunner.identifyTest (/Users/swatigakhar/Desktop/comprocopy/comprodls-copy/engageAutomation/test/tempRunner/AcceptanceNew.js:204:34)
                    at Context.&lt;anonymous> (/Users/swatigakhar/Desktop/comprocopy/comprodls-copy/engageAutomation/test/tempRunner/AcceptanceNew.js:132:34)</stack-trace>
            </failure>
        </test-case>
        <test-case start='1649339610140' status='failed' stop='1649339610164'>
            <name>ENG_SHELL_TC_8 Validate that clicking on the profile dropdown launches the dropdown of profile and other options - (P1, Desktop)</name>
            <title>ENG_SHELL_TC_8 Validate that clicking on the profile dropdown launches the dropdown of profile and other options - (P1, Desktop)</title>
            <labels>
                <label name='language' value='javascript'/>
                <label name='framework' value='wdio'/>
                <label name='thread' value='0-0'/>
            </labels>
            <parameters>
                <parameter kind='argument' name='browser' value='Safari-14.1.2'/>
            </parameters>
            <steps>
                <step start='1649339610140' status='passed' stop='1649339610140'>
                    <name>"before each" hook for Suite1 - Functional Validation of experience app for Teacher workflow</name>
                    <title>"before each" hook for Suite1 - Functional Validation of experience app for Teacher workflow</title>
                    <attachments/>
                    <steps/>
                </step>
                <step start='1649339610164' status='passed' stop='1649339610164'>
                    <name>"after each" hook for Suite1 - Functional Validation of experience app for Teacher workflow</name>
                    <title>"after each" hook for Suite1 - Functional Validation of experience app for Teacher workflow</title>
                    <attachments/>
                    <steps/>
                </step>
            </steps>
            <attachments/>
            <failure>
                <message>User Name Text mismatch: expected undefined to equal 'acceptance Teacher'      
                      actual expected
                      
                      undefined'acceptance Teacher'
                      </message>
                <stack-trace>AssertionError: User Name Text mismatch: expected undefined to equal 'acceptance Teacher'
                    at Object.assertEqual (/Users/swatigakhar/Desktop/comprocopy/comprodls-copy/engageAutomation/core/actionLibrary/baseAssertionLibrary.js:30:16)
                    at Object.ENG_SHELL_TC_8 (/Users/swatigakhar/Desktop/comprocopy/comprodls-copy/engageAutomation/test/engageExperienceApp/appShell.test.js:78:14)
                    at specRunner.identifyTest (/Users/swatigakhar/Desktop/comprocopy/comprodls-copy/engageAutomation/test/tempRunner/AcceptanceNew.js:204:34)
                    at Context.&lt;anonymous> (/Users/swatigakhar/Desktop/comprocopy/comprodls-copy/engageAutomation/test/tempRunner/AcceptanceNew.js:132:34)</stack-trace>
            </failure>
        </test-case>
        <test-case start='1649339610164' status='failed' stop='1649339610187'>
            <name>ENG_SHELL_TC_9 Validate that user is able to logout of the application by selecting the logout option from the profile dropdown - (P1, Desktop)</name>
            <title>ENG_SHELL_TC_9 Validate that user is able to logout of the application by selecting the logout option from the profile dropdown - (P1, Desktop)</title>
            <labels>
                <label name='language' value='javascript'/>
                <label name='framework' value='wdio'/>
                <label name='thread' value='0-0'/>
            </labels>
            <parameters>
                <parameter kind='argument' name='browser' value='Safari-14.1.2'/>
            </parameters>
            <steps>
                <step start='1649339610165' status='passed' stop='1649339610165'>
                    <name>"before each" hook for Suite1 - Functional Validation of experience app for Teacher workflow</name>
                    <title>"before each" hook for Suite1 - Functional Validation of experience app for Teacher workflow</title>
                    <attachments/>
                    <steps/>
                </step>
                <step start='1649339610187' status='passed' stop='1649339610187'>
                    <name>"after each" hook for Suite1 - Functional Validation of experience app for Teacher workflow</name>
                    <title>"after each" hook for Suite1 - Functional Validation of experience app for Teacher workflow</title>
                    <attachments/>
                    <steps/>
                </step>
            </steps>
            <attachments/>
            <failure>
                <message>Landing page status mismatch: expected undefined to equal true      
                      actual expected
                      
                      undefinedtrue
                      </message>
                <stack-trace>AssertionError: Landing page status mismatch: expected undefined to equal true
                    at Object.assertEqual (/Users/swatigakhar/Desktop/comprocopy/comprodls-copy/engageAutomation/core/actionLibrary/baseAssertionLibrary.js:30:16)
                    at Object.ENG_SHELL_TC_9 (/Users/swatigakhar/Desktop/comprocopy/comprodls-copy/engageAutomation/test/engageExperienceApp/appShell.test.js:89:13)
                    at specRunner.identifyTest (/Users/swatigakhar/Desktop/comprocopy/comprodls-copy/engageAutomation/test/tempRunner/AcceptanceNew.js:204:34)
                    at Context.&lt;anonymous> (/Users/swatigakhar/Desktop/comprocopy/comprodls-copy/engageAutomation/test/tempRunner/AcceptanceNew.js:132:34)</stack-trace>
            </failure>
        </test-case>
    </test-cases>
</ns2:test-suite>