<?xml version='1.0'?>
<ns2:test-suite xmlns:ns2='urn:model.allure.qatools.yandex.ru' start='1649342277957' stop='1649342373653'>
    <name>Suite2 - Functional Validation of experience app for Student workflow (Paid Book)</name>
    <title>Suite2 - Functional Validation of experience app for Student workflow (Paid Book)</title>
    <test-cases>
        <test-case start='1649342313432' status='failed' stop='1649342313436'>
            <name>"before all" hook for Suite2 - Functional Validation of experience app for Student workflow (Paid Book)</name>
            <title>"before all" hook for Suite2 - Functional Validation of experience app for Student workflow (Paid Book)</title>
            <labels>
                <label name='language' value='javascript'/>
                <label name='framework' value='wdio'/>
                <label name='thread' value='0-0'/>
            </labels>
            <parameters>
                <parameter kind='argument' name='browser' value='Safari-14.1.2'/>
            </parameters>
            <steps/>
            <attachments>
                <attachment title='Screenshot' source='789e3146-11cc-4039-b551-19c5cde16bf0-attachment.png' type='image/png' size='335715'/>
                <attachment title='Screenshot' source='768c9f4c-235b-46e5-86ce-ab23b748ae43-attachment.png' type='image/png' size='404314'/>
            </attachments>
            <failure>
                <message>Sign in page status mismatch: expected [Error: element ("[data-tid=input-email] input") still not displayed after 30000ms] to equal true</message>
                <stack-trace>AssertionError: Sign in page status mismatch: expected [Error: element ("[data-tid=input-email] input") still not displayed after 30000ms] to equal true
                    at Object.assertEqual (/Users/swatigakhar/Desktop/comprocopy/comprodls-copy/engageAutomation/core/actionLibrary/baseAssertionLibrary.js:30:16)
                    at Object.ENG_LAND_TC_3 (/Users/swatigakhar/Desktop/comprocopy/comprodls-copy/engageAutomation/test/engageExperienceApp/landing.test.js:23:13)
                    at specRunner.identifyTest (/Users/swatigakhar/Desktop/comprocopy/comprodls-copy/engageAutomation/test/tempRunner/AcceptanceNew.js:204:34)
                    at specRunner.jsonHookObjParser (/Users/swatigakhar/Desktop/comprocopy/comprodls-copy/engageAutomation/test/tempRunner/AcceptanceNew.js:246:14)
                    at /Users/swatigakhar/Desktop/comprocopy/comprodls-copy/engageAutomation/test/tempRunner/AcceptanceNew.js:62:34
                    at Array.forEach (&lt;anonymous>)
                    at Context.&lt;anonymous> (/Users/swatigakhar/Desktop/comprocopy/comprodls-copy/engageAutomation/test/tempRunner/AcceptanceNew.js:58:70)</stack-trace>
            </failure>
        </test-case>
        <test-case start='1649342373650' status='failed' stop='1649342373652'>
            <name>"after all" hook for Suite2 - Functional Validation of experience app for Student workflow (Paid Book)</name>
            <title>"after all" hook for Suite2 - Functional Validation of experience app for Student workflow (Paid Book)</title>
            <labels>
                <label name='language' value='javascript'/>
                <label name='framework' value='wdio'/>
                <label name='thread' value='0-0'/>
            </labels>
            <parameters>
                <parameter kind='argument' name='browser' value='Safari-14.1.2'/>
            </parameters>
            <steps/>
            <attachments/>
            <failure>
                <message>Back button is not clicked: expected [Error: Can't call click on element with selector "[data-tid*=breadcrumb-]" because element wasn't found] to equal true</message>
                <stack-trace>AssertionError: Back button is not clicked: expected [Error: Can't call click on element with selector "[data-tid*=breadcrumb-]" because element wasn't found] to equal true
                    at Object.assertEqual (/Users/swatigakhar/Desktop/comprocopy/comprodls-copy/engageAutomation/core/actionLibrary/baseAssertionLibrary.js:30:16)
                    at Object.ENG_SHELL_TC_11 (/Users/swatigakhar/Desktop/comprocopy/comprodls-copy/engageAutomation/test/engageExperienceApp/appShell.test.js:118:13)
                    at specRunner.identifyTest (/Users/swatigakhar/Desktop/comprocopy/comprodls-copy/engageAutomation/test/tempRunner/AcceptanceNew.js:204:34)
                    at specRunner.jsonHookObjParser (/Users/swatigakhar/Desktop/comprocopy/comprodls-copy/engageAutomation/test/tempRunner/AcceptanceNew.js:246:14)
                    at /Users/swatigakhar/Desktop/comprocopy/comprodls-copy/engageAutomation/test/tempRunner/AcceptanceNew.js:159:34
                    at Array.forEach (&lt;anonymous>)
                    at Context.&lt;anonymous> (/Users/swatigakhar/Desktop/comprocopy/comprodls-copy/engageAutomation/test/tempRunner/AcceptanceNew.js:155:69)</stack-trace>
            </failure>
        </test-case>
    </test-cases>
</ns2:test-suite>