<?xml version='1.0'?>
<ns2:test-suite xmlns:ns2='urn:model.allure.qatools.yandex.ru' start='1649069253017' stop='1649069258801'>
    <name>Suite2 - Validation of Landing Page Features and Content (Spanish)</name>
    <title>Suite2 - Validation of Landing Page Features and Content (Spanish)</title>
    <test-cases>
        <test-case start='1649069255437' status='passed' stop='1649069258382'>
            <name>ENG_LAND_TC_4 Validate that user is able to change the language of the page from the language drop down - (P1)</name>
            <title>ENG_LAND_TC_4 Validate that user is able to change the language of the page from the language drop down - (P1)</title>
            <labels>
                <label name='language' value='javascript'/>
                <label name='framework' value='wdio'/>
                <label name='thread' value='0-0'/>
            </labels>
            <parameters>
                <parameter kind='argument' name='browser' value='Safari-14.1.2'/>
            </parameters>
            <steps>
                <step start='1649069255438' status='passed' stop='1649069255438'>
                    <name>"before each" hook for Suite2 - Validation of Landing Page Features and Content (Spanish)</name>
                    <title>"before each" hook for Suite2 - Validation of Landing Page Features and Content (Spanish)</title>
                    <attachments/>
                    <steps/>
                </step>
                <step start='1649069258383' status='passed' stop='1649069258383'>
                    <name>"after each" hook for Suite2 - Validation of Landing Page Features and Content (Spanish)</name>
                    <title>"after each" hook for Suite2 - Validation of Landing Page Features and Content (Spanish)</title>
                    <attachments/>
                    <steps/>
                </step>
            </steps>
            <attachments>
                <attachment title='Screenshot' source='50df3aca-1c57-46ea-abe9-3ecc3ad3f3fa-attachment.png' type='image/png' size='404334'/>
                <attachment title='Screenshot' source='3a66c0fb-5a19-4b47-a62e-1c181fdfe912-attachment.png' type='image/png' size='426513'/>
                <attachment title='Screenshot' source='bc180086-1a54-4ed7-a191-3aaa84a52a79-attachment.png' type='image/png' size='419265'/>
            </attachments>
        </test-case>
        <test-case start='1649069258383' status='failed' stop='1649069258797'>
            <name>ENG_LAND_TC_5 Validate the content of the landing page (in English) - (P2)</name>
            <title>ENG_LAND_TC_5 Validate the content of the landing page (in English) - (P2)</title>
            <labels>
                <label name='language' value='javascript'/>
                <label name='framework' value='wdio'/>
                <label name='thread' value='0-0'/>
            </labels>
            <parameters>
                <parameter kind='argument' name='browser' value='Safari-14.1.2'/>
            </parameters>
            <steps>
                <step start='1649069258384' status='passed' stop='1649069258384'>
                    <name>"before each" hook for Suite2 - Validation of Landing Page Features and Content (Spanish)</name>
                    <title>"before each" hook for Suite2 - Validation of Landing Page Features and Content (Spanish)</title>
                    <attachments/>
                    <steps/>
                </step>
                <step start='1649069258797' status='passed' stop='1649069258798'>
                    <name>"after each" hook for Suite2 - Validation of Landing Page Features and Content (Spanish)</name>
                    <title>"after each" hook for Suite2 - Validation of Landing Page Features and Content (Spanish)</title>
                    <attachments/>
                    <steps/>
                </step>
            </steps>
            <attachments>
                <attachment title='Screenshot' source='0f8af61e-8ad5-45d4-8688-941f0709ad1b-attachment.png' type='image/png' size='419265'/>
            </attachments>
            <failure>
                <message>Footer label text mismatch: expected 'Desarrollada por ' to equal 'Desarrollada por'      
                      actual expected
                      
                      'Desarrollada por '
                      </message>
                <stack-trace>AssertionError: Footer label text mismatch: expected 'Desarrollada por ' to equal 'Desarrollada por'
                    at Object.assertEqual (/Users/swatigakhar/Desktop/comprocopy/comprodls-copy/engageAutomation/core/actionLibrary/baseAssertionLibrary.js:30:16)
                    at Object.ENG_LAND_TC_5 (/Users/swatigakhar/Desktop/comprocopy/comprodls-copy/engageAutomation/test/engageExperienceApp/landing.test.js:38:13)
                    at specRunner.identifyTest (/Users/swatigakhar/Desktop/comprocopy/comprodls-copy/engageAutomation/test/tempRunner/landingTest.js:204:34)
                    at Context.&lt;anonymous> (/Users/swatigakhar/Desktop/comprocopy/comprodls-copy/engageAutomation/test/tempRunner/landingTest.js:132:34)</stack-trace>
            </failure>
        </test-case>
    </test-cases>
</ns2:test-suite>